#
# A fatal error has been detected by the Java Runtime Environment:
#
#  SIGSEGV (0xb) at pc=0x00007f2c640e79c8, pid=3150, tid=0x00007f2bfecec700
#
# JRE version: Java(TM) SE Runtime Environment (8.0_144-b01) (build 1.8.0_144-b01)
# Java VM: Java HotSpot(TM) 64-Bit Server VM (25.144-b01 mixed mode linux-amd64 compressed oops)
# Problematic frame:
# V  [libjvm.so+0x6d59c8]  jni_invoke_nonstatic(JNIEnv_*, JavaValue*, _jobject*, JNICallType, _jmethodID*, JNI_ArgumentPusher*, Thread*)+0x38
#
# Core dump written. Default location: /home/balannor/NetBeansProjects/proyecto/core or core.3150
#
# If you would like to submit a bug report, please visit:
#   http://bugreport.java.com/bugreport/crash.jsp
#

---------------  T H R E A D  ---------------

Current thread (0x00007f2c5c39a800):  JavaThread "JavaFX Application Thread" [_thread_in_vm, id=3172, stack(0x00007f2bfebec000,0x00007f2bfeced000)]

siginfo: si_signo: 11 (SIGSEGV), si_code: 1 (SEGV_MAPERR), si_addr: 0x0000000000000065

Registers:
RAX=0x00007f2bfeceb430, RBX=0x00007f2bfeceb340, RCX=0x0000000000000001, RDX=0x0000000000000065
RSP=0x00007f2bfeceb190, RBP=0x00007f2bfeceb310, RSI=0x00007f2bfeceb3a0, RDI=0x00007f2c5c39a9f8
R8 =0x00007f2c5c2d5108, R9 =0x00007f2bfeceb340, R10=0x00007f2bf0257870, R11=0x00007f2c4d49cba0
R12=0x00007f2c5c39a800, R13=0x00007f2c5c2d5108, R14=0x0000000000000001, R15=0x00007f2c5c39a9f8
RIP=0x00007f2c640e79c8, EFLAGS=0x0000000000010206, CSGSFS=0x002b000000000033, ERR=0x0000000000000004
  TRAPNO=0x000000000000000e

Top of Stack: (sp=0x00007f2bfeceb190)
0x00007f2bfeceb190:   00007f2bfeceb890 00007f2bfeceb4b0
0x00007f2bfeceb1a0:   00007f2bfeceb1f0 00007f2bfeceb270
0x00007f2bfeceb1b0:   00007f2bfeceb340 00007f2bfeceb3a0
0x00007f2bfeceb1c0:   00007f2c5c39a9f8 00007f2c641074d0
0x00007f2bfeceb1d0:   00007f2c2004d390 00007f2c2004d3a0
0x00007f2bfeceb1e0:   00007f2c2004d778 00000000000003d8
0x00007f2bfeceb1f0:   00007f2c5c399fa8 00000000d9fe8230
0x00007f2bfeceb200:   00007f2c0000006f 00007f2c0000000a
0x00007f2bfeceb210:   00000000dac59e60 00007f2c00000000
0x00007f2bfeceb220:   0000000000000001 00007f2c1400c800
0x00007f2bfeceb230:   00007f2c611ca830 0000000100000100
0x00007f2bfeceb240:   00007f2c61252348 00007f2bfeceb1f8
0x00007f2bfeceb250:   00007f2bfeceb239 0000000800000005
0x00007f2bfeceb260:   00007f2c61272c00 00007f2c5c399fb0
0x00007f2bfeceb270:   00007f2c64977570 00007f2c65481720
0x00007f2bfeceb280:   000000005c399e40 00007f2c5c39a800
0x00007f2bfeceb290:   0000000000000000 00007f2c640e7d9b
0x00007f2bfeceb2a0:   00007f2c611d48e0 00007f2c5c39a800
0x00007f2bfeceb2b0:   00007f2c611d48e0 00007f2c5c39a800
0x00007f2bfeceb2c0:   00007f2bfeceb450 00007f2c611d48e0
0x00007f2bfeceb2d0:   00007f2c611d48e0 00007f2c611d48e0
0x00007f2bfeceb2e0:   00007f2c2004d390 00007f2bfeceb340
0x00007f2bfeceb2f0:   00007f2c5c39a800 00007f2bfeceb380
0x00007f2bfeceb300:   00007f2c5c2d5108 00007f2c5c39a9f8
0x00007f2bfeceb310:   00007f2bfeceb400 00007f2c640ec16f
0x00007f2bfeceb320:   00007f2c5c39a800 00007f2c0f79e4b4
0x00007f2bfeceb330:   00007f2bfeceb418 0000000000000065
0x00007f2bfeceb340:   00007f2c649781d0 00007f2c65481720
0x00007f2bfeceb350:   0000000000000000 00007f2c00000063
0x00007f2bfeceb360:   0000000000000000 0000003000000018
0x00007f2bfeceb370:   00007f2bfeceb4f0 00007f2bfeceb430
0x00007f2bfeceb380:   00007f2c5c39a800 0000000000000000 

Instructions: (pc=0x00007f2c640e79c8)
0x00007f2c640e79a8:   00 00 48 85 d2 48 89 bd b0 fe ff ff 48 89 b5 a8
0x00007f2c640e79b8:   fe ff ff 4c 89 8d a0 fe ff ff 0f 84 78 09 00 00
0x00007f2c640e79c8:   4c 8b 22 4d 85 e4 0f 84 6c 09 00 00 48 8b 45 10
0x00007f2c640e79d8:   48 8b 98 38 01 00 00 48 83 7b 18 f7 0f 87 16 07 

Register to memory mapping:

RAX=0x00007f2bfeceb430 is pointing into the stack for thread: 0x00007f2c5c39a800
RBX=0x00007f2bfeceb340 is pointing into the stack for thread: 0x00007f2c5c39a800
RCX=0x0000000000000001 is an unknown value
RDX=0x0000000000000065 is an unknown value
RSP=0x00007f2bfeceb190 is pointing into the stack for thread: 0x00007f2c5c39a800
RBP=0x00007f2bfeceb310 is pointing into the stack for thread: 0x00007f2c5c39a800
RSI=0x00007f2bfeceb3a0 is pointing into the stack for thread: 0x00007f2c5c39a800
RDI=0x00007f2c5c39a9f8 is an unknown value
R8 =0x00007f2c5c2d5108 is an unknown value
R9 =0x00007f2bfeceb340 is pointing into the stack for thread: 0x00007f2c5c39a800
R10=0x00007f2bf0257870 is an unknown value
R11=0x00007f2c4d49cba0 is at entry_point+32 in (nmethod*)0x00007f2c4d49ca10
R12=0x00007f2c5c39a800 is a thread
R13=0x00007f2c5c2d5108 is an unknown value
R14=0x0000000000000001 is an unknown value
R15=0x00007f2c5c39a9f8 is an unknown value


Stack: [0x00007f2bfebec000,0x00007f2bfeced000],  sp=0x00007f2bfeceb190,  free space=1020k
Native frames: (J=compiled Java code, j=interpreted, Vv=VM code, C=native code)
V  [libjvm.so+0x6d59c8]  jni_invoke_nonstatic(JNIEnv_*, JavaValue*, _jobject*, JNICallType, _jmethodID*, JNI_ArgumentPusher*, Thread*)+0x38
V  [libjvm.so+0x6da16f]  jni_CallVoidMethodV+0x10f
C  [libglass.so+0x18221]  JNIEnv_::CallVoidMethod(_jobject*, _jmethodID*, ...)+0x81
C  [libglass.so+0x1dbcf]  WindowContextBase::process_key(_GdkEventKey*)+0x20f
C  [libglass.so+0x1c0a0]  WindowContextBase::im_filter_keypress(_GdkEventKey*)+0x1c0
C  [libglass.so+0x21d3c]  process_events(_GdkEvent*, void*)+0x22c
C  [libgdk-x11-2.0.so.0+0x5b46c]

Java frames: (J=compiled Java code, j=interpreted, Vv=VM code)
j  com.sun.glass.ui.gtk.GtkApplication._runLoop(Ljava/lang/Runnable;Z)V+0
j  com.sun.glass.ui.gtk.GtkApplication.lambda$null$49(Ljava/lang/Runnable;Z)V+7
j  com.sun.glass.ui.gtk.GtkApplication$$Lambda$41.run()V+12
j  java.lang.Thread.run()V+11
v  ~StubRoutines::call_stub

---------------  P R O C E S S  ---------------

Java Threads: ( => current thread )
  0x00007f2bf06eb000 JavaThread "Thread-3" [_thread_blocked, id=3179, stack(0x00007f2be2888000,0x00007f2be2989000)]
  0x00007f2bf0462800 JavaThread "Prism Font Disposer" daemon [_thread_blocked, id=3175, stack(0x00007f2bfd615000,0x00007f2bfd716000)]
  0x00007f2bf0109000 JavaThread "Abandoned connection cleanup thread" daemon [_thread_blocked, id=3174, stack(0x00007f2bfe9ea000,0x00007f2bfeaeb000)]
  0x00007f2c5c39e000 JavaThread "JavaFX-Launcher" [_thread_blocked, id=3173, stack(0x00007f2bfeaeb000,0x00007f2bfebec000)]
=>0x00007f2c5c39a800 JavaThread "JavaFX Application Thread" [_thread_in_vm, id=3172, stack(0x00007f2bfebec000,0x00007f2bfeced000)]
  0x00007f2c5c396000 JavaThread "Thread-1" daemon [_thread_blocked, id=3171, stack(0x00007f2bfeced000,0x00007f2bfedee000)]
  0x00007f2c5c2c0000 JavaThread "QuantumRenderer-0" daemon [_thread_blocked, id=3168, stack(0x00007f2c4440a000,0x00007f2c4450b000)]
  0x00007f2c5c188800 JavaThread "Service Thread" daemon [_thread_blocked, id=3166, stack(0x00007f2c4c159000,0x00007f2c4c25a000)]
  0x00007f2c5c185800 JavaThread "C1 CompilerThread2" daemon [_thread_blocked, id=3165, stack(0x00007f2c4c25a000,0x00007f2c4c35b000)]
  0x00007f2c5c183800 JavaThread "C2 CompilerThread1" daemon [_thread_in_native, id=3164, stack(0x00007f2c4c35b000,0x00007f2c4c45c000)]
  0x00007f2c5c180800 JavaThread "C2 CompilerThread0" daemon [_thread_in_native, id=3163, stack(0x00007f2c4c45c000,0x00007f2c4c55d000)]
  0x00007f2c5c17f000 JavaThread "Signal Dispatcher" daemon [_thread_blocked, id=3162, stack(0x00007f2c4c55d000,0x00007f2c4c65e000)]
  0x00007f2c5c14b000 JavaThread "Finalizer" daemon [_thread_blocked, id=3161, stack(0x00007f2c4c7f8000,0x00007f2c4c8f9000)]
  0x00007f2c5c146800 JavaThread "Reference Handler" daemon [_thread_blocked, id=3160, stack(0x00007f2c4c8f9000,0x00007f2c4c9fa000)]
  0x00007f2c5c00a000 JavaThread "main" [_thread_blocked, id=3153, stack(0x00007f2c654d6000,0x00007f2c655d7000)]

Other Threads:
  0x00007f2c5c13f000 VMThread [stack: 0x00007f2c4c9fa000,0x00007f2c4cafb000] [id=3159]
  0x00007f2c5c18b000 WatcherThread [stack: 0x00007f2c4c058000,0x00007f2c4c159000] [id=3167]

VM state:not at safepoint (normal execution)

VM Mutex/Monitor currently owned by a thread: None

Heap:
 PSYoungGen      total 64512K, used 13323K [0x00000000d9180000, 0x00000000dd680000, 0x0000000100000000)
  eden space 59904K, 14% used [0x00000000d9180000,0x00000000d9a08ea0,0x00000000dcc00000)
  from space 4608K, 99% used [0x00000000dd200000,0x00000000dd679d78,0x00000000dd680000)
  to   space 4608K, 0% used [0x00000000dcd80000,0x00000000dcd80000,0x00000000dd200000)
 ParOldGen       total 63488K, used 18884K [0x000000008b400000, 0x000000008f200000, 0x00000000d9180000)
  object space 63488K, 29% used [0x000000008b400000,0x000000008c6713f0,0x000000008f200000)
 Metaspace       used 23979K, capacity 25524K, committed 25728K, reserved 1071104K
  class space    used 3353K, capacity 3647K, committed 3712K, reserved 1048576K

Card table byte_map: [0x00007f2c61efd000,0x00007f2c622a4000] byte_map_base: 0x00007f2c61aa3000

Marking Bits: (ParMarkBitMap*) 0x00007f2c649dbdc0
 Begin Bits: [0x00007f2c445a0000, 0x00007f2c462d0000)
 End Bits:   [0x00007f2c462d0000, 0x00007f2c48000000)

Polling page: 0x00007f2c65607000

CodeCache: size=245760Kb used=11369Kb max_used=11390Kb free=234390Kb
 bounds [0x00007f2c4d000000, 0x00007f2c4db30000, 0x00007f2c5c000000]
 total_blobs=4382 nmethods=3647 adapters=647
 compilation: enabled

Compilation events (10 events):
Event: 20,429 Thread 0x00007f2c5c185800 3676       1       javafx.scene.text.Text$TextAttribute::access$2000 (5 bytes)
Event: 20,429 Thread 0x00007f2c5c185800 nmethod 3676 0x00007f2c4db19a10 code [0x00007f2c4db19b60, 0x00007f2c4db19c50]
Event: 20,429 Thread 0x00007f2c5c185800 3677       1       javafx.scene.text.Text$TextAttribute::access$2100 (5 bytes)
Event: 20,429 Thread 0x00007f2c5c185800 nmethod 3677 0x00007f2c4db19cd0 code [0x00007f2c4db19e20, 0x00007f2c4db19f10]
Event: 20,429 Thread 0x00007f2c5c185800 3678       1       javafx.scene.text.Text$TextAttribute::access$2200 (5 bytes)
Event: 20,430 Thread 0x00007f2c5c185800 nmethod 3678 0x00007f2c4db19f90 code [0x00007f2c4db1a0e0, 0x00007f2c4db1a1d0]
Event: 20,430 Thread 0x00007f2c5c185800 3670       3       javafx.css.StyleableBooleanProperty::<init> (10 bytes)
Event: 20,431 Thread 0x00007f2c5c185800 nmethod 3670 0x00007f2c4db1a250 code [0x00007f2c4db1a3e0, 0x00007f2c4db1a750]
Event: 20,432 Thread 0x00007f2c5c185800 3681       1       com.sun.prism.Image::getScanlineStride (5 bytes)
Event: 20,432 Thread 0x00007f2c5c185800 nmethod 3681 0x00007f2c4db1a910 code [0x00007f2c4db1aa60, 0x00007f2c4db1ab70]

GC Heap History (10 events):
Event: 4,140 GC heap before
{Heap before GC invocations=1 (full 0):
 PSYoungGen      total 35328K, used 25734K [0x00000000d9180000, 0x00000000db880000, 0x0000000100000000)
  eden space 30720K, 83% used [0x00000000d9180000,0x00000000daaa18c8,0x00000000daf80000)
  from space 4608K, 0% used [0x00000000db400000,0x00000000db400000,0x00000000db880000)
  to   space 4608K, 0% used [0x00000000daf80000,0x00000000daf80000,0x00000000db400000)
 ParOldGen       total 80896K, used 0K [0x000000008b400000, 0x0000000090300000, 0x00000000d9180000)
  object space 80896K, 0% used [0x000000008b400000,0x000000008b400000,0x0000000090300000)
 Metaspace       used 13815K, capacity 14224K, committed 14464K, reserved 1062912K
  class space    used 1709K, capacity 1835K, committed 1920K, reserved 1048576K
Event: 4,158 GC heap after
Heap after GC invocations=1 (full 0):
 PSYoungGen      total 35328K, used 4592K [0x00000000d9180000, 0x00000000db880000, 0x0000000100000000)
  eden space 30720K, 0% used [0x00000000d9180000,0x00000000d9180000,0x00000000daf80000)
  from space 4608K, 99% used [0x00000000daf80000,0x00000000db3fc080,0x00000000db400000)
  to   space 4608K, 0% used [0x00000000db400000,0x00000000db400000,0x00000000db880000)
 ParOldGen       total 80896K, used 1023K [0x000000008b400000, 0x0000000090300000, 0x00000000d9180000)
  object space 80896K, 1% used [0x000000008b400000,0x000000008b4ffe40,0x0000000090300000)
 Metaspace       used 13815K, capacity 14224K, committed 14464K, reserved 1062912K
  class space    used 1709K, capacity 1835K, committed 1920K, reserved 1048576K
}
Event: 15,192 GC heap before
{Heap before GC invocations=2 (full 0):
 PSYoungGen      total 35328K, used 35312K [0x00000000d9180000, 0x00000000db880000, 0x0000000100000000)
  eden space 30720K, 100% used [0x00000000d9180000,0x00000000daf80000,0x00000000daf80000)
  from space 4608K, 99% used [0x00000000daf80000,0x00000000db3fc080,0x00000000db400000)
  to   space 4608K, 0% used [0x00000000db400000,0x00000000db400000,0x00000000db880000)
 ParOldGen       total 80896K, used 1023K [0x000000008b400000, 0x0000000090300000, 0x00000000d9180000)
  object space 80896K, 1% used [0x000000008b400000,0x000000008b4ffe40,0x0000000090300000)
 Metaspace       used 20297K, capacity 21044K, committed 21248K, reserved 1067008K
  class space    used 2755K, capacity 2953K, committed 3072K, reserved 1048576K
Event: 15,223 GC heap after
Heap after GC invocations=2 (full 0):
 PSYoungGen      total 35328K, used 4580K [0x00000000d9180000, 0x00000000db880000, 0x0000000100000000)
  eden space 30720K, 0% used [0x00000000d9180000,0x00000000d9180000,0x00000000daf80000)
  from space 4608K, 99% used [0x00000000db400000,0x00000000db879088,0x00000000db880000)
  to   space 4608K, 0% used [0x00000000daf80000,0x00000000daf80000,0x00000000db400000)
 ParOldGen       total 80896K, used 13276K [0x000000008b400000, 0x0000000090300000, 0x00000000d9180000)
  object space 80896K, 16% used [0x000000008b400000,0x000000008c0f7258,0x0000000090300000)
 Metaspace       used 20297K, capacity 21044K, committed 21248K, reserved 1067008K
  class space    used 2755K, capacity 2953K, committed 3072K, reserved 1048576K
}
Event: 15,246 GC heap before
{Heap before GC invocations=3 (full 0):
 PSYoungGen      total 35328K, used 5092K [0x00000000d9180000, 0x00000000db880000, 0x0000000100000000)
  eden space 30720K, 1% used [0x00000000d9180000,0x00000000d9200020,0x00000000daf80000)
  from space 4608K, 99% used [0x00000000db400000,0x00000000db879088,0x00000000db880000)
  to   space 4608K, 0% used [0x00000000daf80000,0x00000000daf80000,0x00000000db400000)
 ParOldGen       total 80896K, used 13276K [0x000000008b400000, 0x0000000090300000, 0x00000000d9180000)
  object space 80896K, 16% used [0x000000008b400000,0x000000008c0f7258,0x0000000090300000)
 Metaspace       used 20434K, capacity 21138K, committed 21296K, reserved 1067008K
  class space    used 2782K, capacity 2958K, committed 3072K, reserved 1048576K
Event: 15,264 GC heap after
Heap after GC invocations=3 (full 0):
 PSYoungGen      total 35328K, used 4592K [0x00000000d9180000, 0x00000000dd680000, 0x0000000100000000)
  eden space 30720K, 0% used [0x00000000d9180000,0x00000000d9180000,0x00000000daf80000)
  from space 4608K, 99% used [0x00000000daf80000,0x00000000db3fc098,0x00000000db400000)
  to   space 4608K, 0% used [0x00000000dd200000,0x00000000dd200000,0x00000000dd680000)
 ParOldGen       total 80896K, used 13292K [0x000000008b400000, 0x0000000090300000, 0x00000000d9180000)
  object space 80896K, 16% used [0x000000008b400000,0x000000008c0fb258,0x0000000090300000)
 Metaspace       used 20434K, capacity 21138K, committed 21296K, reserved 1067008K
  class space    used 2782K, capacity 2958K, committed 3072K, reserved 1048576K
}
Event: 15,264 GC heap before
{Heap before GC invocations=4 (full 1):
 PSYoungGen      total 35328K, used 4592K [0x00000000d9180000, 0x00000000dd680000, 0x0000000100000000)
  eden space 30720K, 0% used [0x00000000d9180000,0x00000000d9180000,0x00000000daf80000)
  from space 4608K, 99% used [0x00000000daf80000,0x00000000db3fc098,0x00000000db400000)
  to   space 4608K, 0% used [0x00000000dd200000,0x00000000dd200000,0x00000000dd680000)
 ParOldGen       total 80896K, used 13292K [0x000000008b400000, 0x0000000090300000, 0x00000000d9180000)
  object space 80896K, 16% used [0x000000008b400000,0x000000008c0fb258,0x0000000090300000)
 Metaspace       used 20434K, capacity 21138K, committed 21296K, reserved 1067008K
  class space    used 2782K, capacity 2958K, committed 3072K, reserved 1048576K
Event: 15,363 GC heap after
Heap after GC invocations=4 (full 1):
 PSYoungGen      total 35328K, used 0K [0x00000000d9180000, 0x00000000dd680000, 0x0000000100000000)
  eden space 30720K, 0% used [0x00000000d9180000,0x00000000d9180000,0x00000000daf80000)
  from space 4608K, 0% used [0x00000000daf80000,0x00000000daf80000,0x00000000db400000)
  to   space 4608K, 0% used [0x00000000dd200000,0x00000000dd200000,0x00000000dd680000)
 ParOldGen       total 63488K, used 16739K [0x000000008b400000, 0x000000008f200000, 0x00000000d9180000)
  object space 63488K, 26% used [0x000000008b400000,0x000000008c458c08,0x000000008f200000)
 Metaspace       used 20434K, capacity 21138K, committed 21296K, reserved 1067008K
  class space    used 2782K, capacity 2958K, committed 3072K, reserved 1048576K
}
Event: 19,900 GC heap before
{Heap before GC invocations=5 (full 1):
 PSYoungGen      total 35328K, used 30720K [0x00000000d9180000, 0x00000000dd680000, 0x0000000100000000)
  eden space 30720K, 100% used [0x00000000d9180000,0x00000000daf80000,0x00000000daf80000)
  from space 4608K, 0% used [0x00000000daf80000,0x00000000daf80000,0x00000000db400000)
  to   space 4608K, 0% used [0x00000000dd200000,0x00000000dd200000,0x00000000dd680000)
 ParOldGen       total 63488K, used 16739K [0x000000008b400000, 0x000000008f200000, 0x00000000d9180000)
  object space 63488K, 26% used [0x000000008b400000,0x000000008c458c08,0x000000008f200000)
 Metaspace       used 23325K, capacity 24630K, committed 24832K, reserved 1071104K
  class space    used 3264K, capacity 3526K, committed 3584K, reserved 1048576K
Event: 19,926 GC heap after
Heap after GC invocations=5 (full 1):
 PSYoungGen      total 64512K, used 4583K [0x00000000d9180000, 0x00000000dd680000, 0x0000000100000000)
  eden space 59904K, 0% used [0x00000000d9180000,0x00000000d9180000,0x00000000dcc00000)
  from space 4608K, 99% used [0x00000000dd200000,0x00000000dd679d78,0x00000000dd680000)
  to   space 4608K, 0% used [0x00000000dcd80000,0x00000000dcd80000,0x00000000dd200000)
 ParOldGen       total 63488K, used 18884K [0x000000008b400000, 0x000000008f200000, 0x00000000d9180000)
  object space 63488K, 29% used [0x000000008b400000,0x000000008c6713f0,0x000000008f200000)
 Metaspace       used 23325K, capacity 24630K, committed 24832K, reserved 1071104K
  class space    used 3264K, capacity 3526K, committed 3584K, reserved 1048576K
}

Deoptimization events (10 events):
Event: 19,967 Thread 0x00007f2c5c39a800 Uncommon trap: reason=unstable_if action=reinterpret pc=0x00007f2c4d9ea4d4 method=javafx.scene.Node.notifyParentOfBoundsChange()V @ 18
Event: 20,140 Thread 0x00007f2c5c39a800 Uncommon trap: reason=array_check action=maybe_recompile pc=0x00007f2c4da7b154 method=com.sun.javafx.css.CompoundSelector.applies(Ljavafx/css/Styleable;[Ljava/util/Set;I)Z @ 128
Event: 20,144 Thread 0x00007f2c5c39a800 Uncommon trap: reason=array_check action=maybe_recompile pc=0x00007f2c4da7b154 method=com.sun.javafx.css.CompoundSelector.applies(Ljavafx/css/Styleable;[Ljava/util/Set;I)Z @ 128
Event: 20,145 Thread 0x00007f2c5c39a800 Uncommon trap: reason=array_check action=maybe_recompile pc=0x00007f2c4da7b154 method=com.sun.javafx.css.CompoundSelector.applies(Ljavafx/css/Styleable;[Ljava/util/Set;I)Z @ 128
Event: 20,173 Thread 0x00007f2c5c39a800 Uncommon trap: reason=bimorphic action=maybe_recompile pc=0x00007f2c4da51668 method=com.sun.javafx.collections.VetoableListDecorator.size()I @ 4
Event: 20,173 Thread 0x00007f2c5c39a800 Uncommon trap: reason=bimorphic action=maybe_recompile pc=0x00007f2c4da51668 method=com.sun.javafx.collections.VetoableListDecorator.size()I @ 4
Event: 20,175 Thread 0x00007f2c5c39a800 Uncommon trap: reason=bimorphic action=maybe_recompile pc=0x00007f2c4da51668 method=com.sun.javafx.collections.VetoableListDecorator.size()I @ 4
Event: 20,175 Thread 0x00007f2c5c39a800 Uncommon trap: reason=bimorphic action=maybe_recompile pc=0x00007f2c4da51668 method=com.sun.javafx.collections.VetoableListDecorator.size()I @ 4
Event: 20,229 Thread 0x00007f2c5c39a800 Uncommon trap: reason=array_check action=maybe_recompile pc=0x00007f2c4da7b154 method=com.sun.javafx.css.CompoundSelector.applies(Ljavafx/css/Styleable;[Ljava/util/Set;I)Z @ 128
Event: 20,274 Thread 0x00007f2c5c39a800 Uncommon trap: reason=unstable_if action=reinterpret pc=0x00007f2c4d8cfbc8 method=com.sun.javafx.css.BitSet.add(Ljava/lang/Object;)Z @ 91

Internal exceptions (10 events):
Event: 4,071 Thread 0x00007f2c5c39a800 Exception <a 'java/lang/ArrayIndexOutOfBoundsException'> (0x00000000da8d96a0) thrown at [/HUDSON3/workspace/8-2-build-linux-amd64/jdk8u144/9417/hotspot/src/share/vm/runtime/sharedRuntime.cpp, line 605]
Event: 4,071 Thread 0x00007f2c5c39a800 Exception <a 'java/lang/ArrayIndexOutOfBoundsException'> (0x00000000da8daa48) thrown at [/HUDSON3/workspace/8-2-build-linux-amd64/jdk8u144/9417/hotspot/src/share/vm/runtime/sharedRuntime.cpp, line 605]
Event: 4,101 Thread 0x00007f2c5c39a800 Exception <a 'java/lang/ArrayIndexOutOfBoundsException'> (0x00000000da9548b0) thrown at [/HUDSON3/workspace/8-2-build-linux-amd64/jdk8u144/9417/hotspot/src/share/vm/runtime/sharedRuntime.cpp, line 605]
Event: 4,505 Thread 0x00007f2c5c39a800 Exception <a 'java/lang/ArrayIndexOutOfBoundsException'> (0x00000000d9b608a8) thrown at [/HUDSON3/workspace/8-2-build-linux-amd64/jdk8u144/9417/hotspot/src/share/vm/runtime/sharedRuntime.cpp, line 605]
Event: 5,046 Thread 0x00007f2c5c39a800 Implicit null exception at 0x00007f2c4d37b4b5 to 0x00007f2c4d37b6dd
Event: 5,046 Thread 0x00007f2c5c39a800 Implicit null exception at 0x00007f2c4d35c97b to 0x00007f2c4d35d1b5
Event: 5,111 Thread 0x00007f2c5c39a800 Implicit null exception at 0x00007f2c4d2998af to 0x00007f2c4d299919
Event: 15,400 Thread 0x00007f2c5c39a800 Exception <a 'java/lang/ArrayIndexOutOfBoundsException': 79> (0x00000000d92754f0) thrown at [/HUDSON3/workspace/8-2-build-linux-amd64/jdk8u144/9417/hotspot/src/share/vm/interpreter/interpreterRuntime.cpp, line 366]
Event: 15,400 Thread 0x00007f2c5c39a800 Exception <a 'java/lang/ArrayIndexOutOfBoundsException': 52> (0x00000000d92766d8) thrown at [/HUDSON3/workspace/8-2-build-linux-amd64/jdk8u144/9417/hotspot/src/share/vm/interpreter/interpreterRuntime.cpp, line 366]
Event: 15,401 Thread 0x00007f2c5c39a800 Exception <a 'java/lang/ArrayIndexOutOfBoundsException': 114> (0x00000000d9278318) thrown at [/HUDSON3/workspace/8-2-build-linux-amd64/jdk8u144/9417/hotspot/src/share/vm/interpreter/interpreterRuntime.cpp, line 366]

Events (10 events):
Event: 20,428 loading class javafx/stage/WindowEvent
Event: 20,428 loading class javafx/stage/WindowEvent done
Event: 20,429 loading class javafx/stage/WindowEvent
Event: 20,429 loading class javafx/stage/WindowEvent done
Event: 20,429 loading class javafx/event/EventHandler
Event: 20,429 loading class javafx/event/EventHandler done
Event: 20,436 Thread 0x00007f2c5c39a800 DEOPT PACKING pc=0x00007f2c4d5503d4 sp=0x00007f2bfece8c90
Event: 20,436 Thread 0x00007f2c5c39a800 DEOPT UNPACKING pc=0x00007f2c4d047233 sp=0x00007f2bfece8a18 mode 0
Event: 20,436 Thread 0x00007f2c5c39a800 DEOPT PACKING pc=0x00007f2c4d5503d4 sp=0x00007f2bfece9ac0
Event: 20,436 Thread 0x00007f2c5c39a800 DEOPT UNPACKING pc=0x00007f2c4d047233 sp=0x00007f2bfece9848 mode 0


Dynamic libraries:
00400000-00401000 r-xp 00000000 08:06 665491                             /usr/lib/jvm/java-8-jdk/jre/bin/java
00600000-00601000 rw-p 00000000 08:06 665491                             /usr/lib/jvm/java-8-jdk/jre/bin/java
01510000-01531000 rw-p 00000000 00:00 0                                  [heap]
8b400000-8f200000 rw-p 00000000 00:00 0 
8f200000-d9180000 ---p 00000000 00:00 0 
d9180000-dd680000 rw-p 00000000 00:00 0 
dd680000-100000000 ---p 00000000 00:00 0 
100000000-1003a0000 rw-p 00000000 00:00 0 
1003a0000-140000000 ---p 00000000 00:00 0 
7f2bc8000000-7f2bc8021000 rw-p 00000000 00:00 0 
7f2bc8021000-7f2bcc000000 ---p 00000000 00:00 0 
7f2bd0000000-7f2bd4000000 rw-s 00000000 00:05 68502                      /memfd:pulseaudio (deleted)
7f2bd4000000-7f2bd8000000 rw-s 00000000 00:05 15479                      /memfd:pulseaudio (deleted)
7f2bd8000000-7f2bdc000000 rw-s 00000000 00:05 70687                      /memfd:pulseaudio (deleted)
7f2bdc000000-7f2bdc021000 rw-p 00000000 00:00 0 
7f2bdc021000-7f2be0000000 ---p 00000000 00:00 0 
7f2be2564000-7f2be25a9000 r--p 00000000 08:06 1586916                    /usr/share/fonts/noto/NotoSans-Italic.ttc
7f2be25a9000-7f2be25ee000 r--p 00000000 08:06 1586916                    /usr/share/fonts/noto/NotoSans-Italic.ttc
7f2be25ee000-7f2be276e000 rw-p 00000000 00:00 0 
7f2be276e000-7f2be27ee000 ---p 00000000 00:00 0 
7f2be27ee000-7f2be283b000 r--p 00000000 08:06 1586914                    /usr/share/fonts/noto/NotoSans-Bold.ttc
7f2be283b000-7f2be2888000 r--p 00000000 08:06 1586914                    /usr/share/fonts/noto/NotoSans-Bold.ttc
7f2be2888000-7f2be288b000 ---p 00000000 00:00 0 
7f2be288b000-7f2be2989000 rw-p 00000000 00:00 0 
7f2be2989000-7f2be29bf000 r-xp 00000000 08:06 658892                     /usr/lib/jvm/java-8-jdk/jre/lib/amd64/libjavafx_iio.so
7f2be29bf000-7f2be2bbe000 ---p 00036000 08:06 658892                     /usr/lib/jvm/java-8-jdk/jre/lib/amd64/libjavafx_iio.so
7f2be2bbe000-7f2be2bbf000 rw-p 00035000 08:06 658892                     /usr/lib/jvm/java-8-jdk/jre/lib/amd64/libjavafx_iio.so
7f2be2bbf000-7f2be2dbf000 rw-p 00000000 00:00 0 
7f2be2dbf000-7f2be2fbf000 rw-p 00000000 00:00 0 
7f2be2fbf000-7f2be30bf000 rw-s 12b44f000 00:06 342                       /dev/dri/renderD128
7f2be30bf000-7f2be30c0000 ---p 00000000 00:00 0 
7f2be30c0000-7f2be38c0000 rw-p 00000000 00:00 0 
7f2be38c0000-7f2be78c0000 rw-s 00000000 00:05 70687                      /memfd:pulseaudio (deleted)
7f2be78c0000-7f2be78d4000 r-xp 00000000 08:06 398877                     /usr/lib/libgpg-error.so.0.22.0
7f2be78d4000-7f2be7ad3000 ---p 00014000 08:06 398877                     /usr/lib/libgpg-error.so.0.22.0
7f2be7ad3000-7f2be7ad4000 r--p 00013000 08:06 398877                     /usr/lib/libgpg-error.so.0.22.0
7f2be7ad4000-7f2be7ad5000 rw-p 00014000 08:06 398877                     /usr/lib/libgpg-error.so.0.22.0
7f2be7ad5000-7f2be7b66000 r-xp 00000000 08:06 408737                     /usr/lib/libvorbisenc.so.2.0.11
7f2be7b66000-7f2be7d65000 ---p 00091000 08:06 408737                     /usr/lib/libvorbisenc.so.2.0.11
7f2be7d65000-7f2be7d87000 r--p 00090000 08:06 408737                     /usr/lib/libvorbisenc.so.2.0.11
7f2be7d87000-7f2be7d88000 rw-p 000b2000 08:06 408737                     /usr/lib/libvorbisenc.so.2.0.11
7f2be7d88000-7f2be7dfe000 r-xp 00000000 08:06 407987                     /usr/lib/libFLAC.so.8.3.0
7f2be7dfe000-7f2be7ffe000 ---p 00076000 08:06 407987                     /usr/lib/libFLAC.so.8.3.0
7f2be7ffe000-7f2be7fff000 r--p 00076000 08:06 407987                     /usr/lib/libFLAC.so.8.3.0
7f2be7fff000-7f2be8000000 rw-p 00077000 08:06 407987                     /usr/lib/libFLAC.so.8.3.0
7f2be8000000-7f2be8021000 rw-p 00000000 00:00 0 
7f2be8021000-7f2bec000000 ---p 00000000 00:00 0 
7f2bec000000-7f2bec021000 rw-p 00000000 00:00 0 
7f2bec021000-7f2bf0000000 ---p 00000000 00:00 0 
7f2bf0000000-7f2bf09e8000 rw-p 00000000 00:00 0 
7f2bf09e8000-7f2bf4000000 ---p 00000000 00:00 0 
7f2bf4000000-7f2bf4021000 rw-p 00000000 00:00 0 
7f2bf4021000-7f2bf8000000 ---p 00000000 00:00 0 
7f2bf8000000-7f2bf8021000 rw-p 00000000 00:00 0 
7f2bf8021000-7f2bfc000000 ---p 00000000 00:00 0 
7f2bfc004000-7f2bfc005000 rw-s 131305000 00:06 342                       /dev/dri/renderD128
7f2bfc005000-7f2bfc006000 rw-s 131304000 00:06 342                       /dev/dri/renderD128
7f2bfc00f000-7f2bfc023000 r-xp 00000000 08:06 407552                     /usr/lib/liblz4.so.1.8.0
7f2bfc023000-7f2bfc222000 ---p 00014000 08:06 407552                     /usr/lib/liblz4.so.1.8.0
7f2bfc222000-7f2bfc223000 r--p 00013000 08:06 407552                     /usr/lib/liblz4.so.1.8.0
7f2bfc223000-7f2bfc224000 rw-p 00014000 08:06 407552                     /usr/lib/liblz4.so.1.8.0
7f2bfc224000-7f2bfc33a000 r-xp 00000000 08:06 397142                     /usr/lib/libgcrypt.so.20.2.0
7f2bfc33a000-7f2bfc539000 ---p 00116000 08:06 397142                     /usr/lib/libgcrypt.so.20.2.0
7f2bfc539000-7f2bfc53b000 r--p 00115000 08:06 397142                     /usr/lib/libgcrypt.so.20.2.0
7f2bfc53b000-7f2bfc540000 rw-p 00117000 08:06 397142                     /usr/lib/libgcrypt.so.20.2.0
7f2bfc540000-7f2bfc541000 rw-p 00000000 00:00 0 
7f2bfc541000-7f2bfc546000 r-xp 00000000 08:06 408144                     /usr/lib/libasyncns.so.0.3.1
7f2bfc546000-7f2bfc745000 ---p 00005000 08:06 408144                     /usr/lib/libasyncns.so.0.3.1
7f2bfc745000-7f2bfc746000 r--p 00004000 08:06 408144                     /usr/lib/libasyncns.so.0.3.1
7f2bfc746000-7f2bfc747000 rw-p 00005000 08:06 408144                     /usr/lib/libasyncns.so.0.3.1
7f2bfc747000-7f2bfc7ba000 r-xp 00000000 08:06 408665                     /usr/lib/libsndfile.so.1.0.28
7f2bfc7ba000-7f2bfc9b9000 ---p 00073000 08:06 408665                     /usr/lib/libsndfile.so.1.0.28
7f2bfc9b9000-7f2bfc9bc000 r--p 00072000 08:06 408665                     /usr/lib/libsndfile.so.1.0.28
7f2bfc9bc000-7f2bfc9bd000 rw-p 00075000 08:06 408665                     /usr/lib/libsndfile.so.1.0.28
7f2bfc9bd000-7f2bfc9bf000 rw-p 00000000 00:00 0 
7f2bfc9bf000-7f2bfca42000 r-xp 00000000 08:06 407557                     /usr/lib/libsystemd.so.0.19.0
7f2bfca42000-7f2bfcc41000 ---p 00083000 08:06 407557                     /usr/lib/libsystemd.so.0.19.0
7f2bfcc41000-7f2bfcc44000 r--p 00082000 08:06 407557                     /usr/lib/libsystemd.so.0.19.0
7f2bfcc44000-7f2bfcc45000 rw-p 00085000 08:06 407557                     /usr/lib/libsystemd.so.0.19.0
7f2bfcc45000-7f2bfcc46000 rw-p 00000000 00:00 0 
7f2bfcc46000-7f2bfcc93000 r-xp 00000000 08:06 393673                     /usr/lib/libdbus-1.so.3.14.13
7f2bfcc93000-7f2bfce92000 ---p 0004d000 08:06 393673                     /usr/lib/libdbus-1.so.3.14.13
7f2bfce92000-7f2bfce94000 r--p 0004c000 08:06 393673                     /usr/lib/libdbus-1.so.3.14.13
7f2bfce94000-7f2bfce95000 rw-p 0004e000 08:06 393673                     /usr/lib/libdbus-1.so.3.14.13
7f2bfce95000-7f2bfcf17000 r-xp 00000000 08:06 1189311                    /usr/lib/pulseaudio/libpulsecommon-10.0.so
7f2bfcf17000-7f2bfd117000 ---p 00082000 08:06 1189311                    /usr/lib/pulseaudio/libpulsecommon-10.0.so
7f2bfd117000-7f2bfd118000 r--p 00082000 08:06 1189311                    /usr/lib/pulseaudio/libpulsecommon-10.0.so
7f2bfd118000-7f2bfd11a000 rw-p 00083000 08:06 1189311                    /usr/lib/pulseaudio/libpulsecommon-10.0.so
7f2bfd11a000-7f2bfd16a000 r-xp 00000000 08:06 408623                     /usr/lib/libpulse.so.0.20.1
7f2bfd16a000-7f2bfd369000 ---p 00050000 08:06 408623                     /usr/lib/libpulse.so.0.20.1
7f2bfd369000-7f2bfd36a000 r--p 0004f000 08:06 408623                     /usr/lib/libpulse.so.0.20.1
7f2bfd36a000-7f2bfd36b000 rw-p 00050000 08:06 408623                     /usr/lib/libpulse.so.0.20.1
7f2bfd38e000-7f2bfd38f000 rw-s 1247cc000 00:06 342                       /dev/dri/renderD128
7f2bfd38f000-7f2bfd390000 rw-s 1247c9000 00:06 342                       /dev/dri/renderD128
7f2bfd398000-7f2bfd39a000 rw-s 125e86000 00:06 342                       /dev/dri/renderD128
7f2bfd39a000-7f2bfd3a1000 r-xp 00000000 08:06 1189209                    /usr/lib/libcanberra-0.30/libcanberra-pulse.so
7f2bfd3a1000-7f2bfd5a0000 ---p 00007000 08:06 1189209                    /usr/lib/libcanberra-0.30/libcanberra-pulse.so
7f2bfd5a0000-7f2bfd5a1000 r--p 00006000 08:06 1189209                    /usr/lib/libcanberra-0.30/libcanberra-pulse.so
7f2bfd5a1000-7f2bfd5a2000 rw-p 00007000 08:06 1189209                    /usr/lib/libcanberra-0.30/libcanberra-pulse.so
7f2bfd5a2000-7f2bfd602000 rw-s 00000000 00:05 113606667                  /SYSV00000000 (deleted)
7f2bfd602000-7f2bfd615000 r--s 00345000 08:06 656425                     /usr/lib/jvm/java-8-jdk/jre/lib/resources.jar
7f2bfd615000-7f2bfd618000 ---p 00000000 00:00 0 
7f2bfd618000-7f2bfd716000 rw-p 00000000 00:00 0 
7f2bfd716000-7f2bfd762000 r--p 00000000 08:06 1586917                    /usr/share/fonts/noto/NotoSans-Regular.ttc
7f2bfd762000-7f2bfd7ae000 r--p 00000000 08:06 1586917                    /usr/share/fonts/noto/NotoSans-Regular.ttc
7f2bfd7ae000-7f2bfd803000 r--p 00000000 08:06 665432                     /usr/lib/jvm/java-8-jdk/jre/lib/fonts/LucidaBrightRegular.ttf
7f2bfd803000-7f2bfd83d000 r--p 00000000 08:06 665433                     /usr/lib/jvm/java-8-jdk/jre/lib/fonts/LucidaTypewriterBold.ttf
7f2bfd83d000-7f2bfd851000 r--p 00000000 08:06 665431                     /usr/lib/jvm/java-8-jdk/jre/lib/fonts/LucidaBrightItalic.ttf
7f2bfd851000-7f2bfd8fc000 r--p 00000000 08:06 665435                     /usr/lib/jvm/java-8-jdk/jre/lib/fonts/LucidaSansRegular.ttf
7f2bfd8fc000-7f2bfd94a000 r--p 00000000 08:06 665428                     /usr/lib/jvm/java-8-jdk/jre/lib/fonts/LucidaSansDemiBold.ttf
7f2bfd94a000-7f2bfd986000 r--p 00000000 08:06 665429                     /usr/lib/jvm/java-8-jdk/jre/lib/fonts/LucidaTypewriterRegular.ttf
7f2bfd986000-7f2bfdb86000 rw-p 00000000 00:00 0 
7f2bfdb86000-7f2bfdb8a000 r-xp 00000000 08:06 656519                     /usr/lib/jvm/java-8-jdk/jre/lib/amd64/libjavafx_font_pango.so
7f2bfdb8a000-7f2bfdd89000 ---p 00004000 08:06 656519                     /usr/lib/jvm/java-8-jdk/jre/lib/amd64/libjavafx_font_pango.so
7f2bfdd89000-7f2bfdd8a000 rw-p 00003000 08:06 656519                     /usr/lib/jvm/java-8-jdk/jre/lib/amd64/libjavafx_font_pango.so
7f2bfdd8a000-7f2bfdf8a000 rw-p 00000000 00:00 0 
7f2bfdf8a000-7f2bfdfcb000 r--s 00000000 08:06 1060221                    /var/cache/fontconfig/923e285e415b1073c8df160bee08820f-le64.cache-7
7f2bfdfcb000-7f2bfdfd0000 r-xp 00000000 08:06 658867                     /usr/lib/jvm/java-8-jdk/jre/lib/amd64/libjavafx_font_freetype.so
7f2bfdfd0000-7f2bfe1cf000 ---p 00005000 08:06 658867                     /usr/lib/jvm/java-8-jdk/jre/lib/amd64/libjavafx_font_freetype.so
7f2bfe1cf000-7f2bfe1d0000 rw-p 00004000 08:06 658867                     /usr/lib/jvm/java-8-jdk/jre/lib/amd64/libjavafx_font_freetype.so
7f2bfe1d0000-7f2bfe1d3000 r-xp 00000000 08:06 665406                     /usr/lib/jvm/java-8-jdk/jre/lib/amd64/libjavafx_font.so
7f2bfe1d3000-7f2bfe3d2000 ---p 00003000 08:06 665406                     /usr/lib/jvm/java-8-jdk/jre/lib/amd64/libjavafx_font.so
7f2bfe3d2000-7f2bfe3d3000 rw-p 00002000 08:06 665406                     /usr/lib/jvm/java-8-jdk/jre/lib/amd64/libjavafx_font.so
7f2bfe3d3000-7f2bfe5d3000 rw-p 00000000 00:00 0 
7f2bfe5d3000-7f2bfe7d3000 rw-p 00000000 00:00 0 
7f2bfe7d3000-7f2bfe7e9000 r-xp 00000000 08:06 665401                     /usr/lib/jvm/java-8-jdk/jre/lib/amd64/libnet.so
7f2bfe7e9000-7f2bfe9e9000 ---p 00016000 08:06 665401                     /usr/lib/jvm/java-8-jdk/jre/lib/amd64/libnet.so
7f2bfe9e9000-7f2bfe9ea000 rw-p 00016000 08:06 665401                     /usr/lib/jvm/java-8-jdk/jre/lib/amd64/libnet.so
7f2bfe9ea000-7f2bfe9ed000 ---p 00000000 00:00 0 
7f2bfe9ed000-7f2bfeaeb000 rw-p 00000000 00:00 0 
7f2bfeaeb000-7f2bfeaee000 ---p 00000000 00:00 0 
7f2bfeaee000-7f2bfebec000 rw-p 00000000 00:00 0 
7f2bfebec000-7f2bfebef000 ---p 00000000 00:00 0 
7f2bfebef000-7f2bfeced000 rw-p 00000000 00:00 0 
7f2bfeced000-7f2bfecf0000 ---p 00000000 00:00 0 
7f2bfecf0000-7f2bfedee000 rw-p 00000000 00:00 0 
7f2bfedee000-7f2bfee1e000 r-xp 00000000 08:06 1188682                    /usr/lib/gtk-2.0/2.10.0/engines/libmurrine.so
7f2bfee1e000-7f2bff01e000 ---p 00030000 08:06 1188682                    /usr/lib/gtk-2.0/2.10.0/engines/libmurrine.so
7f2bff01e000-7f2bff01f000 r--p 00030000 08:06 1188682                    /usr/lib/gtk-2.0/2.10.0/engines/libmurrine.so
7f2bff01f000-7f2bff020000 rw-p 00031000 08:06 1188682                    /usr/lib/gtk-2.0/2.10.0/engines/libmurrine.so
7f2bff020000-7f2bff02a000 r-xp 00000000 08:06 1188683                    /usr/lib/gtk-2.0/2.10.0/engines/libpixmap.so
7f2bff02a000-7f2bff229000 ---p 0000a000 08:06 1188683                    /usr/lib/gtk-2.0/2.10.0/engines/libpixmap.so
7f2bff229000-7f2bff22a000 r--p 00009000 08:06 1188683                    /usr/lib/gtk-2.0/2.10.0/engines/libpixmap.so
7f2bff22a000-7f2bff22b000 rw-p 0000a000 08:06 1188683                    /usr/lib/gtk-2.0/2.10.0/engines/libpixmap.so
7f2bff22b000-7f2bff231000 r-xp 00000000 08:06 408564                     /usr/lib/libogg.so.0.8.2
7f2bff231000-7f2bff430000 ---p 00006000 08:06 408564                     /usr/lib/libogg.so.0.8.2
7f2bff430000-7f2bff431000 r--p 00005000 08:06 408564                     /usr/lib/libogg.so.0.8.2
7f2bff431000-7f2bff432000 rw-p 00006000 08:06 408564                     /usr/lib/libogg.so.0.8.2
7f2bff432000-7f2bff45d000 r-xp 00000000 08:06 408736                     /usr/lib/libvorbis.so.0.4.8
7f2bff45d000-7f2bff65d000 ---p 0002b000 08:06 408736                     /usr/lib/libvorbis.so.0.4.8
7f2bff65d000-7f2bff65e000 r--p 0002b000 08:06 408736                     /usr/lib/libvorbis.so.0.4.8
7f2bff65e000-7f2bff65f000 rw-p 0002c000 08:06 408736                     /usr/lib/libvorbis.so.0.4.8
7f2bff65f000-7f2bff668000 r-xp 00000000 08:06 408505                     /usr/lib/libltdl.so.7.3.1
7f2bff668000-7f2bff867000 ---p 00009000 08:06 408505                     /usr/lib/libltdl.so.7.3.1
7f2bff867000-7f2bff868000 r--p 00008000 08:06 408505                     /usr/lib/libltdl.so.7.3.1
7f2bff868000-7f2bff869000 rw-p 00009000 08:06 408505                     /usr/lib/libltdl.so.7.3.1
7f2bff869000-7f2bff87e000 r-xp 00000000 08:06 408697                     /usr/lib/libtdb.so.1.3.12
7f2bff87e000-7f2bffa7d000 ---p 00015000 08:06 408697                     /usr/lib/libtdb.so.1.3.12
7f2bffa7d000-7f2bffa7e000 r--p 00014000 08:06 408697                     /usr/lib/libtdb.so.1.3.12
7f2bffa7e000-7f2bffa7f000 rw-p 00015000 08:06 408697                     /usr/lib/libtdb.so.1.3.12
7f2bffa7f000-7f2bffa87000 r-xp 00000000 08:06 408738                     /usr/lib/libvorbisfile.so.3.3.7
7f2bffa87000-7f2bffc86000 ---p 00008000 08:06 408738                     /usr/lib/libvorbisfile.so.3.3.7
7f2bffc86000-7f2bffc87000 r--p 00007000 08:06 408738                     /usr/lib/libvorbisfile.so.3.3.7
7f2bffc87000-7f2bffc88000 rw-p 00008000 08:06 408738                     /usr/lib/libvorbisfile.so.3.3.7
7f2bffc88000-7f2bffc99000 r-xp 00000000 08:06 408241                     /usr/lib/libcanberra.so.0.2.5
7f2bffc99000-7f2bffe98000 ---p 00011000 08:06 408241                     /usr/lib/libcanberra.so.0.2.5
7f2bffe98000-7f2bffe99000 r--p 00010000 08:06 408241                     /usr/lib/libcanberra.so.0.2.5
7f2bffe99000-7f2bffe9a000 rw-p 00011000 08:06 408241                     /usr/lib/libcanberra.so.0.2.5
7f2bffe9a000-7f2bffe9e000 r-xp 00000000 08:06 408238                     /usr/lib/libcanberra-gtk.so.0.1.9
7f2bffe9e000-7f2c0009d000 ---p 00004000 08:06 408238                     /usr/lib/libcanberra-gtk.so.0.1.9
7f2c0009d000-7f2c0009e000 r--p 00003000 08:06 408238                     /usr/lib/libcanberra-gtk.so.0.1.9
7f2c0009e000-7f2c0009f000 rw-p 00004000 08:06 408238                     /usr/lib/libcanberra-gtk.so.0.1.9
7f2c0009f000-7f2c000a4000 r-xp 00000000 08:06 1188701                    /usr/lib/gtk-2.0/modules/libcanberra-gtk-module.so
7f2c000a4000-7f2c002a3000 ---p 00005000 08:06 1188701                    /usr/lib/gtk-2.0/modules/libcanberra-gtk-module.so
7f2c002a3000-7f2c002a4000 r--p 00004000 08:06 1188701                    /usr/lib/gtk-2.0/modules/libcanberra-gtk-module.so
7f2c002a4000-7f2c002a5000 rw-p 00005000 08:06 1188701                    /usr/lib/gtk-2.0/modules/libcanberra-gtk-module.so
7f2c002a5000-7f2c002ce000 r-xp 00000000 08:06 656512                     /usr/lib/jvm/java-8-jdk/jre/lib/amd64/libglass.so
7f2c002ce000-7f2c004cd000 ---p 00029000 08:06 656512                     /usr/lib/jvm/java-8-jdk/jre/lib/amd64/libglass.so
7f2c004cd000-7f2c004d0000 rw-p 00028000 08:06 656512                     /usr/lib/jvm/java-8-jdk/jre/lib/amd64/libglass.so
7f2c004d0000-7f2c004d4000 r-xp 00000000 08:06 399045                     /usr/lib/libtxc_dxtn.so
7f2c004d4000-7f2c006d3000 ---p 00004000 08:06 399045                     /usr/lib/libtxc_dxtn.so
7f2c006d3000-7f2c006d4000 r--p 00003000 08:06 399045                     /usr/lib/libtxc_dxtn.so
7f2c006d4000-7f2c006d5000 rw-p 00004000 08:06 399045                     /usr/lib/libtxc_dxtn.so
7f2c006d5000-7f2c006d6000 ---p 00000000 00:00 0 
7f2c006d6000-7f2c00ed6000 rw-p 00000000 00:00 0 
7f2c00ed6000-7f2c00ed7000 ---p 00000000 00:00 0 
7f2c00ed7000-7f2c016d7000 rw-p 00000000 00:00 0 
7f2c016d7000-7f2c0173f000 r-xp 00000000 08:06 398944                     /usr/lib/libncursesw.so.6.0
7f2c0173f000-7f2c0193e000 ---p 00068000 08:06 398944                     /usr/lib/libncursesw.so.6.0
7f2c0193e000-7f2c01942000 r--p 00067000 08:06 398944                     /usr/lib/libncursesw.so.6.0
7f2c01942000-7f2c01944000 rw-p 0006b000 08:06 398944                     /usr/lib/libncursesw.so.6.0
7f2c01944000-7f2c01975000 r-xp 00000000 08:06 398832                     /usr/lib/libedit.so.0.0.56
7f2c01975000-7f2c01b75000 ---p 00031000 08:06 398832                     /usr/lib/libedit.so.0.0.56
7f2c01b75000-7f2c01b77000 r--p 00031000 08:06 398832                     /usr/lib/libedit.so.0.0.56
7f2c01b77000-7f2c01b78000 rw-p 00033000 08:06 398832                     /usr/lib/libedit.so.0.0.56
7f2c01b78000-7f2c01b7c000 rw-p 00000000 00:00 0 
7f2c01b7c000-7f2c01ba1000 r-xp 00000000 08:06 398920                     /usr/lib/liblzma.so.5.2.3
7f2c01ba1000-7f2c01da0000 ---p 00025000 08:06 398920                     /usr/lib/liblzma.so.5.2.3
7f2c01da0000-7f2c01da1000 r--p 00024000 08:06 398920                     /usr/lib/liblzma.so.5.2.3
7f2c01da1000-7f2c01da2000 rw-p 00025000 08:06 398920                     /usr/lib/liblzma.so.5.2.3
7f2c01da2000-7f2c04bf2000 r-xp 00000000 08:06 396976                     /usr/lib/libLLVM-4.0.so
7f2c04bf2000-7f2c04df2000 ---p 02e50000 08:06 396976                     /usr/lib/libLLVM-4.0.so
7f2c04df2000-7f2c05124000 r--p 02e50000 08:06 396976                     /usr/lib/libLLVM-4.0.so
7f2c05124000-7f2c05128000 rw-p 03182000 08:06 396976                     /usr/lib/libLLVM-4.0.so
7f2c05128000-7f2c05177000 rw-p 00000000 00:00 0 
7f2c05177000-7f2c0518e000 r-xp 00000000 08:06 394752                     /usr/lib/libelf-0.169.so
7f2c0518e000-7f2c0538d000 ---p 00017000 08:06 394752                     /usr/lib/libelf-0.169.so
7f2c0538d000-7f2c0538e000 r--p 00016000 08:06 394752                     /usr/lib/libelf-0.169.so
7f2c0538e000-7f2c0538f000 rw-p 00017000 08:06 394752                     /usr/lib/libelf-0.169.so
7f2c0538f000-7f2c05397000 r-xp 00000000 08:06 397092                     /usr/lib/libdrm_amdgpu.so.1.0.0
7f2c05397000-7f2c05597000 ---p 00008000 08:06 397092                     /usr/lib/libdrm_amdgpu.so.1.0.0
7f2c05597000-7f2c05598000 r--p 00008000 08:06 397092                     /usr/lib/libdrm_amdgpu.so.1.0.0
7f2c05598000-7f2c05599000 rw-p 00009000 08:06 397092                     /usr/lib/libdrm_amdgpu.so.1.0.0
7f2c05599000-7f2c055a4000 r-xp 00000000 08:06 397091                     /usr/lib/libdrm_radeon.so.1.0.1
7f2c055a4000-7f2c057a3000 ---p 0000b000 08:06 397091                     /usr/lib/libdrm_radeon.so.1.0.1
7f2c057a3000-7f2c057a4000 r--p 0000a000 08:06 397091                     /usr/lib/libdrm_radeon.so.1.0.1
7f2c057a4000-7f2c057a5000 rw-p 0000b000 08:06 397091                     /usr/lib/libdrm_radeon.so.1.0.1
7f2c057a5000-7f2c057ac000 r-xp 00000000 08:06 397090                     /usr/lib/libdrm_nouveau.so.2.0.0
7f2c057ac000-7f2c059ab000 ---p 00007000 08:06 397090                     /usr/lib/libdrm_nouveau.so.2.0.0
7f2c059ab000-7f2c059ac000 r--p 00006000 08:06 397090                     /usr/lib/libdrm_nouveau.so.2.0.0
7f2c059ac000-7f2c059ad000 rw-p 00007000 08:06 397090                     /usr/lib/libdrm_nouveau.so.2.0.0
7f2c059ad000-7f2c059bb000 r-xp 00000000 08:06 399025                     /usr/lib/libsensors.so.4.4.0
7f2c059bb000-7f2c05bba000 ---p 0000e000 08:06 399025                     /usr/lib/libsensors.so.4.4.0
7f2c05bba000-7f2c05bbb000 r--p 0000d000 08:06 399025                     /usr/lib/libsensors.so.4.4.0
7f2c05bbb000-7f2c05bbc000 rw-p 0000e000 08:06 399025                     /usr/lib/libsensors.so.4.4.0
7f2c05bbc000-7f2c05bc7000 r-xp 00000000 08:06 399054                     /usr/lib/libunwind.so.8.0.1
7f2c05bc7000-7f2c05dc6000 ---p 0000b000 08:06 399054                     /usr/lib/libunwind.so.8.0.1
7f2c05dc6000-7f2c05dc7000 r--p 0000a000 08:06 399054                     /usr/lib/libunwind.so.8.0.1
7f2c05dc7000-7f2c05dc8000 rw-p 0000b000 08:06 399054                     /usr/lib/libunwind.so.8.0.1
7f2c05dc8000-7f2c05dd6000 rw-p 00000000 00:00 0 
7f2c05dd6000-7f2c06794000 r-xp 00000000 08:06 524646                     /usr/lib/xorg/modules/dri/r600_dri.so
7f2c06794000-7f2c06993000 ---p 009be000 08:06 524646                     /usr/lib/xorg/modules/dri/r600_dri.so
7f2c06993000-7f2c069d1000 r--p 009bd000 08:06 524646                     /usr/lib/xorg/modules/dri/r600_dri.so
7f2c069d1000-7f2c069dc000 rw-p 009fb000 08:06 524646                     /usr/lib/xorg/modules/dri/r600_dri.so
7f2c069dc000-7f2c06bd3000 rw-p 00000000 00:00 0 
7f2c06bd3000-7f2c06be3000 r-xp 00000000 08:06 397087                     /usr/lib/libdrm.so.2.4.0
7f2c06be3000-7f2c06de3000 ---p 00010000 08:06 397087                     /usr/lib/libdrm.so.2.4.0
7f2c06de3000-7f2c06de4000 r--p 00010000 08:06 397087                     /usr/lib/libdrm.so.2.4.0
7f2c06de4000-7f2c06de5000 rw-p 00011000 08:06 397087                     /usr/lib/libdrm.so.2.4.0
7f2c06de5000-7f2c06de9000 r-xp 00000000 08:06 399069                     /usr/lib/libxcb-dri2.so.0.0.0
7f2c06de9000-7f2c06fe8000 ---p 00004000 08:06 399069                     /usr/lib/libxcb-dri2.so.0.0.0
7f2c06fe8000-7f2c06fe9000 r--p 00003000 08:06 399069                     /usr/lib/libxcb-dri2.so.0.0.0
7f2c06fe9000-7f2c06fea000 rw-p 00004000 08:06 399069                     /usr/lib/libxcb-dri2.so.0.0.0
7f2c06fea000-7f2c07003000 r-xp 00000000 08:06 399071                     /usr/lib/libxcb-glx.so.0.0.0
7f2c07003000-7f2c07203000 ---p 00019000 08:06 399071                     /usr/lib/libxcb-glx.so.0.0.0
7f2c07203000-7f2c07205000 r--p 00019000 08:06 399071                     /usr/lib/libxcb-glx.so.0.0.0
7f2c07205000-7f2c07206000 rw-p 0001b000 08:06 399071                     /usr/lib/libxcb-glx.so.0.0.0
7f2c07206000-7f2c07207000 r-xp 00000000 08:06 398768                     /usr/lib/libX11-xcb.so.1.0.0
7f2c07207000-7f2c07406000 ---p 00001000 08:06 398768                     /usr/lib/libX11-xcb.so.1.0.0
7f2c07406000-7f2c07407000 r--p 00000000 08:06 398768                     /usr/lib/libX11-xcb.so.1.0.0
7f2c07407000-7f2c07408000 rw-p 00001000 08:06 398768                     /usr/lib/libX11-xcb.so.1.0.0
7f2c07408000-7f2c07432000 r-xp 00000000 08:06 399065                     /usr/lib/libglapi.so.0.0.0
7f2c07432000-7f2c07632000 ---p 0002a000 08:06 399065                     /usr/lib/libglapi.so.0.0.0
7f2c07632000-7f2c07636000 r--p 0002a000 08:06 399065                     /usr/lib/libglapi.so.0.0.0
7f2c07636000-7f2c07637000 rw-p 0002e000 08:06 399065                     /usr/lib/libglapi.so.0.0.0
7f2c07637000-7f2c07638000 rw-p 00000000 00:00 0 
7f2c07638000-7f2c07639000 r-xp 00000000 08:06 399091                     /usr/lib/libxshmfence.so.1.0.0
7f2c07639000-7f2c07839000 ---p 00001000 08:06 399091                     /usr/lib/libxshmfence.so.1.0.0
7f2c07839000-7f2c0783a000 r--p 00001000 08:06 399091                     /usr/lib/libxshmfence.so.1.0.0
7f2c0783a000-7f2c0783b000 rw-p 00002000 08:06 399091                     /usr/lib/libxshmfence.so.1.0.0
7f2c0783b000-7f2c07841000 r-xp 00000000 08:06 399080                     /usr/lib/libxcb-sync.so.1.0.0
7f2c07841000-7f2c07a40000 ---p 00006000 08:06 399080                     /usr/lib/libxcb-sync.so.1.0.0
7f2c07a40000-7f2c07a41000 r--p 00005000 08:06 399080                     /usr/lib/libxcb-sync.so.1.0.0
7f2c07a41000-7f2c07a42000 rw-p 00006000 08:06 399080                     /usr/lib/libxcb-sync.so.1.0.0
7f2c07a42000-7f2c07a44000 r-xp 00000000 08:06 399072                     /usr/lib/libxcb-present.so.0.0.0
7f2c07a44000-7f2c07c43000 ---p 00002000 08:06 399072                     /usr/lib/libxcb-present.so.0.0.0
7f2c07c43000-7f2c07c44000 r--p 00001000 08:06 399072                     /usr/lib/libxcb-present.so.0.0.0
7f2c07c44000-7f2c07c45000 rw-p 00002000 08:06 399072                     /usr/lib/libxcb-present.so.0.0.0
7f2c07c45000-7f2c07c4c000 r-xp 00000000 08:06 399082                     /usr/lib/libxcb-xfixes.so.0.0.0
7f2c07c4c000-7f2c07e4b000 ---p 00007000 08:06 399082                     /usr/lib/libxcb-xfixes.so.0.0.0
7f2c07e4b000-7f2c07e4c000 r--p 00006000 08:06 399082                     /usr/lib/libxcb-xfixes.so.0.0.0
7f2c07e4c000-7f2c07e4d000 rw-p 00007000 08:06 399082                     /usr/lib/libxcb-xfixes.so.0.0.0
7f2c07e4d000-7f2c07e4f000 r-xp 00000000 08:06 399070                     /usr/lib/libxcb-dri3.so.0.0.0
7f2c07e4f000-7f2c0804e000 ---p 00002000 08:06 399070                     /usr/lib/libxcb-dri3.so.0.0.0
7f2c0804e000-7f2c0804f000 r--p 00001000 08:06 399070                     /usr/lib/libxcb-dri3.so.0.0.0
7f2c0804f000-7f2c08050000 rw-p 00002000 08:06 399070                     /usr/lib/libxcb-dri3.so.0.0.0
7f2c08050000-7f2c080bf000 r-xp 00000000 08:06 399038                     /usr/lib/libGLX_mesa.so.0.0.0
7f2c080bf000-7f2c082bf000 ---p 0006f000 08:06 399038                     /usr/lib/libGLX_mesa.so.0.0.0
7f2c082bf000-7f2c082c2000 r--p 0006f000 08:06 399038                     /usr/lib/libGLX_mesa.so.0.0.0
7f2c082c2000-7f2c082c3000 rw-p 00072000 08:06 399038                     /usr/lib/libGLX_mesa.so.0.0.0
7f2c082c3000-7f2c082ca000 r-xp 00000000 08:06 408278                     /usr/lib/libdatrie.so.1.3.3
7f2c082ca000-7f2c084c9000 ---p 00007000 08:06 408278                     /usr/lib/libdatrie.so.1.3.3
7f2c084c9000-7f2c084ca000 r--p 00006000 08:06 408278                     /usr/lib/libdatrie.so.1.3.3
7f2c084ca000-7f2c084cb000 rw-p 00007000 08:06 408278                     /usr/lib/libdatrie.so.1.3.3
7f2c084cb000-7f2c084d0000 r-xp 00000000 08:06 398772                     /usr/lib/libXdmcp.so.6.0.0
7f2c084d0000-7f2c086cf000 ---p 00005000 08:06 398772                     /usr/lib/libXdmcp.so.6.0.0
7f2c086cf000-7f2c086d0000 r--p 00004000 08:06 398772                     /usr/lib/libXdmcp.so.6.0.0
7f2c086d0000-7f2c086d1000 rw-p 00005000 08:06 398772                     /usr/lib/libXdmcp.so.6.0.0
7f2c086d1000-7f2c086d3000 r-xp 00000000 08:06 398770                     /usr/lib/libXau.so.6.0.0
7f2c086d3000-7f2c088d3000 ---p 00002000 08:06 398770                     /usr/lib/libXau.so.6.0.0
7f2c088d3000-7f2c088d4000 r--p 00002000 08:06 398770                     /usr/lib/libXau.so.6.0.0
7f2c088d4000-7f2c088d5000 rw-p 00003000 08:06 398770                     /usr/lib/libXau.so.6.0.0
7f2c088d5000-7f2c088ff000 r-xp 00000000 08:06 408405                     /usr/lib/libgraphite2.so.3.0.1
7f2c088ff000-7f2c08afe000 ---p 0002a000 08:06 408405                     /usr/lib/libgraphite2.so.3.0.1
7f2c08afe000-7f2c08b00000 r--p 00029000 08:06 408405                     /usr/lib/libgraphite2.so.3.0.1
7f2c08b00000-7f2c08b01000 rw-p 0002b000 08:06 408405                     /usr/lib/libgraphite2.so.3.0.1
7f2c08b01000-7f2c08b05000 r-xp 00000000 08:06 410908                     /usr/lib/libuuid.so.1.3.0
7f2c08b05000-7f2c08d04000 ---p 00004000 08:06 410908                     /usr/lib/libuuid.so.1.3.0
7f2c08d04000-7f2c08d05000 r--p 00003000 08:06 410908                     /usr/lib/libuuid.so.1.3.0
7f2c08d05000-7f2c08d06000 rw-p 00004000 08:06 410908                     /usr/lib/libuuid.so.1.3.0
7f2c08d06000-7f2c08d4b000 r-xp 00000000 08:06 397132                     /usr/lib/libblkid.so.1.1.0
7f2c08d4b000-7f2c08f4b000 ---p 00045000 08:06 397132                     /usr/lib/libblkid.so.1.1.0
7f2c08f4b000-7f2c08f4f000 r--p 00045000 08:06 397132                     /usr/lib/libblkid.so.1.1.0
7f2c08f4f000-7f2c08f50000 rw-p 00049000 08:06 397132                     /usr/lib/libblkid.so.1.1.0
7f2c08f50000-7f2c08f51000 rw-p 00000000 00:00 0 
7f2c08f51000-7f2c08fbf000 r-xp 00000000 08:06 398762                     /usr/lib/libGLdispatch.so.0.0.0
7f2c08fbf000-7f2c091be000 ---p 0006e000 08:06 398762                     /usr/lib/libGLdispatch.so.0.0.0
7f2c091be000-7f2c091e6000 r--p 0006d000 08:06 398762                     /usr/lib/libGLdispatch.so.0.0.0
7f2c091e6000-7f2c091e7000 rw-p 00095000 08:06 398762                     /usr/lib/libGLdispatch.so.0.0.0
7f2c091e7000-7f2c09207000 rw-p 00000000 00:00 0 
7f2c09207000-7f2c09217000 r-xp 00000000 08:06 398760                     /usr/lib/libGLX.so.0.0.0
7f2c09217000-7f2c09417000 ---p 00010000 08:06 398760                     /usr/lib/libGLX.so.0.0.0
7f2c09417000-7f2c09418000 r--p 00010000 08:06 398760                     /usr/lib/libGLX.so.0.0.0
7f2c09418000-7f2c09419000 rw-p 00011000 08:06 398760                     /usr/lib/libGLX.so.0.0.0
7f2c09419000-7f2c09439000 rw-p 00000000 00:00 0 
7f2c09439000-7f2c094aa000 r-xp 00000000 08:06 397358                     /usr/lib/libpcre.so.1.2.9
7f2c094aa000-7f2c096aa000 ---p 00071000 08:06 397358                     /usr/lib/libpcre.so.1.2.9
7f2c096aa000-7f2c096ab000 r--p 00071000 08:06 397358                     /usr/lib/libpcre.so.1.2.9
7f2c096ab000-7f2c096ac000 rw-p 00072000 08:06 397358                     /usr/lib/libpcre.so.1.2.9
7f2c096ac000-7f2c096b3000 r-xp 00000000 08:06 398847                     /usr/lib/libffi.so.6.0.4
7f2c096b3000-7f2c098b3000 ---p 00007000 08:06 398847                     /usr/lib/libffi.so.6.0.4
7f2c098b3000-7f2c098b4000 r--p 00007000 08:06 398847                     /usr/lib/libffi.so.6.0.4
7f2c098b4000-7f2c098b5000 rw-p 00008000 08:06 398847                     /usr/lib/libffi.so.6.0.4
7f2c098b5000-7f2c098e5000 r-xp 00000000 08:06 397125                     /usr/lib/libexpat.so.1.6.5
7f2c098e5000-7f2c09ae4000 ---p 00030000 08:06 397125                     /usr/lib/libexpat.so.1.6.5
7f2c09ae4000-7f2c09ae7000 r--p 0002f000 08:06 397125                     /usr/lib/libexpat.so.1.6.5
7f2c09ae7000-7f2c09ae8000 rw-p 00032000 08:06 397125                     /usr/lib/libexpat.so.1.6.5
7f2c09ae8000-7f2c09af7000 r-xp 00000000 08:06 398792                     /usr/lib/libbz2.so.1.0.6
7f2c09af7000-7f2c09cf6000 ---p 0000f000 08:06 398792                     /usr/lib/libbz2.so.1.0.6
7f2c09cf6000-7f2c09cf7000 r--p 0000e000 08:06 398792                     /usr/lib/libbz2.so.1.0.6
7f2c09cf7000-7f2c09cf8000 rw-p 0000f000 08:06 398792                     /usr/lib/libbz2.so.1.0.6
7f2c09cf8000-7f2c09d00000 r-xp 00000000 08:06 408703                     /usr/lib/libthai.so.0.3.0
7f2c09d00000-7f2c09f00000 ---p 00008000 08:06 408703                     /usr/lib/libthai.so.0.3.0
7f2c09f00000-7f2c09f01000 r--p 00008000 08:06 408703                     /usr/lib/libthai.so.0.3.0
7f2c09f01000-7f2c09f02000 rw-p 00009000 08:06 408703                     /usr/lib/libthai.so.0.3.0
7f2c09f02000-7f2c09f0e000 r-xp 00000000 08:06 399075                     /usr/lib/libxcb-render.so.0.0.0
7f2c09f0e000-7f2c0a10e000 ---p 0000c000 08:06 399075                     /usr/lib/libxcb-render.so.0.0.0
7f2c0a10e000-7f2c0a10f000 r--p 0000c000 08:06 399075                     /usr/lib/libxcb-render.so.0.0.0
7f2c0a10f000-7f2c0a110000 rw-p 0000d000 08:06 399075                     /usr/lib/libxcb-render.so.0.0.0
7f2c0a110000-7f2c0a138000 r-xp 00000000 08:06 399089                     /usr/lib/libxcb.so.1.1.0
7f2c0a138000-7f2c0a337000 ---p 00028000 08:06 399089                     /usr/lib/libxcb.so.1.1.0
7f2c0a337000-7f2c0a338000 r--p 00027000 08:06 399089                     /usr/lib/libxcb.so.1.1.0
7f2c0a338000-7f2c0a339000 rw-p 00028000 08:06 399089                     /usr/lib/libxcb.so.1.1.0
7f2c0a339000-7f2c0a33b000 r-xp 00000000 08:06 399079                     /usr/lib/libxcb-shm.so.0.0.0
7f2c0a33b000-7f2c0a53b000 ---p 00002000 08:06 399079                     /usr/lib/libxcb-shm.so.0.0.0
7f2c0a53b000-7f2c0a53c000 r--p 00002000 08:06 399079                     /usr/lib/libxcb-shm.so.0.0.0
7f2c0a53c000-7f2c0a53d000 rw-p 00003000 08:06 399079                     /usr/lib/libxcb-shm.so.0.0.0
7f2c0a53d000-7f2c0a572000 r-xp 00000000 08:06 402695                     /usr/lib/libpng16.so.16.31.0
7f2c0a572000-7f2c0a771000 ---p 00035000 08:06 402695                     /usr/lib/libpng16.so.16.31.0
7f2c0a771000-7f2c0a772000 r--p 00034000 08:06 402695                     /usr/lib/libpng16.so.16.31.0
7f2c0a772000-7f2c0a773000 rw-p 00035000 08:06 402695                     /usr/lib/libpng16.so.16.31.0
7f2c0a773000-7f2c0a785000 r-xp 00000000 08:06 398755                     /usr/lib/libEGL.so.1.0.0
7f2c0a785000-7f2c0a984000 ---p 00012000 08:06 398755                     /usr/lib/libEGL.so.1.0.0
7f2c0a984000-7f2c0a985000 r--p 00011000 08:06 398755                     /usr/lib/libEGL.so.1.0.0
7f2c0a985000-7f2c0a986000 rw-p 00012000 08:06 398755                     /usr/lib/libEGL.so.1.0.0
7f2c0a986000-7f2c0aa25000 r-xp 00000000 08:06 408601                     /usr/lib/libpixman-1.so.0.34.0
7f2c0aa25000-7f2c0ac25000 ---p 0009f000 08:06 408601                     /usr/lib/libpixman-1.so.0.34.0
7f2c0ac25000-7f2c0ac2d000 r--p 0009f000 08:06 408601                     /usr/lib/libpixman-1.so.0.34.0
7f2c0ac2d000-7f2c0ac2e000 rw-p 000a7000 08:06 408601                     /usr/lib/libpixman-1.so.0.34.0
7f2c0ac2e000-7f2c0acc4000 r-xp 00000000 08:06 404476                     /usr/lib/libharfbuzz.so.0.10400.8
7f2c0acc4000-7f2c0aec3000 ---p 00096000 08:06 404476                     /usr/lib/libharfbuzz.so.0.10400.8
7f2c0aec3000-7f2c0aec5000 r--p 00095000 08:06 404476                     /usr/lib/libharfbuzz.so.0.10400.8
7f2c0aec5000-7f2c0aec6000 rw-p 00097000 08:06 404476                     /usr/lib/libharfbuzz.so.0.10400.8
7f2c0aec6000-7f2c0af16000 r-xp 00000000 08:06 410907                     /usr/lib/libmount.so.1.1.0
7f2c0af16000-7f2c0b116000 ---p 00050000 08:06 410907                     /usr/lib/libmount.so.1.1.0
7f2c0b116000-7f2c0b118000 r--p 00050000 08:06 410907                     /usr/lib/libmount.so.1.1.0
7f2c0b118000-7f2c0b119000 rw-p 00052000 08:06 410907                     /usr/lib/libmount.so.1.1.0
7f2c0b119000-7f2c0b11b000 rw-p 00000000 00:00 0 
7f2c0b11b000-7f2c0b12e000 r-xp 00000000 08:06 398795                     /usr/lib/libresolv-2.25.so
7f2c0b12e000-7f2c0b32d000 ---p 00013000 08:06 398795                     /usr/lib/libresolv-2.25.so
7f2c0b32d000-7f2c0b32e000 r--p 00012000 08:06 398795                     /usr/lib/libresolv-2.25.so
7f2c0b32e000-7f2c0b32f000 rw-p 00013000 08:06 398795                     /usr/lib/libresolv-2.25.so
7f2c0b32f000-7f2c0b331000 rw-p 00000000 00:00 0 
7f2c0b331000-7f2c0b347000 r-xp 00000000 08:06 394968                     /usr/lib/libz.so.1.2.11
7f2c0b347000-7f2c0b546000 ---p 00016000 08:06 394968                     /usr/lib/libz.so.1.2.11
7f2c0b546000-7f2c0b547000 r--p 00015000 08:06 394968                     /usr/lib/libz.so.1.2.11
7f2c0b547000-7f2c0b548000 rw-p 00016000 08:06 394968                     /usr/lib/libz.so.1.2.11
7f2c0b548000-7f2c0b559000 r-xp 00000000 08:06 398773                     /usr/lib/libXext.so.6.4.0
7f2c0b559000-7f2c0b758000 ---p 00011000 08:06 398773                     /usr/lib/libXext.so.6.4.0
7f2c0b758000-7f2c0b759000 r--p 00010000 08:06 398773                     /usr/lib/libXext.so.6.4.0
7f2c0b759000-7f2c0b75a000 rw-p 00011000 08:06 398773                     /usr/lib/libXext.so.6.4.0
7f2c0b75a000-7f2c0b75c000 r-xp 00000000 08:06 398771                     /usr/lib/libXdamage.so.1.1.0
7f2c0b75c000-7f2c0b95b000 ---p 00002000 08:06 398771                     /usr/lib/libXdamage.so.1.1.0
7f2c0b95b000-7f2c0b95c000 r--p 00001000 08:06 398771                     /usr/lib/libXdamage.so.1.1.0
7f2c0b95c000-7f2c0b95d000 rw-p 00002000 08:06 398771                     /usr/lib/libXdamage.so.1.1.0
7f2c0b95d000-7f2c0b95f000 r-xp 00000000 08:06 408120                     /usr/lib/libXcomposite.so.1.0.0
7f2c0b95f000-7f2c0bb5e000 ---p 00002000 08:06 408120                     /usr/lib/libXcomposite.so.1.0.0
7f2c0bb5e000-7f2c0bb5f000 r--p 00001000 08:06 408120                     /usr/lib/libXcomposite.so.1.0.0
7f2c0bb5f000-7f2c0bb60000 rw-p 00002000 08:06 408120                     /usr/lib/libXcomposite.so.1.0.0
7f2c0bb60000-7f2c0bb6a000 r-xp 00000000 08:06 408121                     /usr/lib/libXcursor.so.1.0.2
7f2c0bb6a000-7f2c0bd69000 ---p 0000a000 08:06 408121                     /usr/lib/libXcursor.so.1.0.2
7f2c0bd69000-7f2c0bd6a000 r--p 00009000 08:06 408121                     /usr/lib/libXcursor.so.1.0.2
7f2c0bd6a000-7f2c0bd6b000 rw-p 0000a000 08:06 408121                     /usr/lib/libXcursor.so.1.0.2
7f2c0bd6b000-7f2c0bd75000 r-xp 00000000 08:06 408130                     /usr/lib/libXrandr.so.2.2.0
7f2c0bd75000-7f2c0bf74000 ---p 0000a000 08:06 408130                     /usr/lib/libXrandr.so.2.2.0
7f2c0bf74000-7f2c0bf75000 r--p 00009000 08:06 408130                     /usr/lib/libXrandr.so.2.2.0
7f2c0bf75000-7f2c0bf76000 rw-p 0000a000 08:06 408130                     /usr/lib/libXrandr.so.2.2.0
7f2c0bf76000-7f2c0bf85000 r-xp 00000000 08:06 408125                     /usr/lib/libXi.so.6.1.0
7f2c0bf85000-7f2c0c185000 ---p 0000f000 08:06 408125                     /usr/lib/libXi.so.6.1.0
7f2c0c185000-7f2c0c186000 r--p 0000f000 08:06 408125                     /usr/lib/libXi.so.6.1.0
7f2c0c186000-7f2c0c187000 rw-p 00010000 08:06 408125                     /usr/lib/libXi.so.6.1.0
7f2c0c187000-7f2c0c189000 r-xp 00000000 08:06 408126                     /usr/lib/libXinerama.so.1.0.0
7f2c0c189000-7f2c0c388000 ---p 00002000 08:06 408126                     /usr/lib/libXinerama.so.1.0.0
7f2c0c388000-7f2c0c389000 r--p 00001000 08:06 408126                     /usr/lib/libXinerama.so.1.0.0
7f2c0c389000-7f2c0c38a000 rw-p 00002000 08:06 408126                     /usr/lib/libXinerama.so.1.0.0
7f2c0c38a000-7f2c0c393000 r-xp 00000000 08:06 408131                     /usr/lib/libXrender.so.1.3.0
7f2c0c393000-7f2c0c593000 ---p 00009000 08:06 408131                     /usr/lib/libXrender.so.1.3.0
7f2c0c593000-7f2c0c594000 r--p 00009000 08:06 408131                     /usr/lib/libXrender.so.1.3.0
7f2c0c594000-7f2c0c595000 rw-p 0000a000 08:06 408131                     /usr/lib/libXrender.so.1.3.0
7f2c0c595000-7f2c0c59a000 r-xp 00000000 08:06 398774                     /usr/lib/libXfixes.so.3.1.0
7f2c0c59a000-7f2c0c799000 ---p 00005000 08:06 398774                     /usr/lib/libXfixes.so.3.1.0
7f2c0c799000-7f2c0c79a000 r--p 00004000 08:06 398774                     /usr/lib/libXfixes.so.3.1.0
7f2c0c79a000-7f2c0c79b000 rw-p 00005000 08:06 398774                     /usr/lib/libXfixes.so.3.1.0
7f2c0c79b000-7f2c0c7b1000 r-xp 00000000 08:06 397424                     /usr/lib/libgcc_s.so.1
7f2c0c7b1000-7f2c0c9b0000 ---p 00016000 08:06 397424                     /usr/lib/libgcc_s.so.1
7f2c0c9b0000-7f2c0c9b1000 r--p 00015000 08:06 397424                     /usr/lib/libgcc_s.so.1
7f2c0c9b1000-7f2c0c9b2000 rw-p 00016000 08:06 397424                     /usr/lib/libgcc_s.so.1
7f2c0c9b2000-7f2c0cb2c000 r-xp 00000000 08:06 397043                     /usr/lib/libstdc++.so.6.0.24
7f2c0cb2c000-7f2c0cd2b000 ---p 0017a000 08:06 397043                     /usr/lib/libstdc++.so.6.0.24
7f2c0cd2b000-7f2c0cd35000 r--p 00179000 08:06 397043                     /usr/lib/libstdc++.so.6.0.24
7f2c0cd35000-7f2c0cd37000 rw-p 00183000 08:06 397043                     /usr/lib/libstdc++.so.6.0.24
7f2c0cd37000-7f2c0cd3a000 rw-p 00000000 00:00 0 
7f2c0cd3a000-7f2c0cdaa000 r-xp 00000000 08:06 398757                     /usr/lib/libGL.so.1.0.0
7f2c0cdaa000-7f2c0cfa9000 ---p 00070000 08:06 398757                     /usr/lib/libGL.so.1.0.0
7f2c0cfa9000-7f2c0cfc3000 r--p 0006f000 08:06 398757                     /usr/lib/libGL.so.1.0.0
7f2c0cfc3000-7f2c0cfc4000 rw-p 00089000 08:06 398757                     /usr/lib/libGL.so.1.0.0
7f2c0cfc4000-7f2c0cfc5000 rw-p 00000000 00:00 0 
7f2c0cfc5000-7f2c0cfca000 r-xp 00000000 08:06 398775                     /usr/lib/libXxf86vm.so.1.0.0
7f2c0cfca000-7f2c0d1c9000 ---p 00005000 08:06 398775                     /usr/lib/libXxf86vm.so.1.0.0
7f2c0d1c9000-7f2c0d1ca000 r--p 00004000 08:06 398775                     /usr/lib/libXxf86vm.so.1.0.0
7f2c0d1ca000-7f2c0d1cb000 rw-p 00005000 08:06 398775                     /usr/lib/libXxf86vm.so.1.0.0
7f2c0d1cb000-7f2c0d304000 r-xp 00000000 08:06 398769                     /usr/lib/libX11.so.6.3.0
7f2c0d304000-7f2c0d504000 ---p 00139000 08:06 398769                     /usr/lib/libX11.so.6.3.0
7f2c0d504000-7f2c0d505000 r--p 00139000 08:06 398769                     /usr/lib/libX11.so.6.3.0
7f2c0d505000-7f2c0d50a000 rw-p 0013a000 08:06 398769                     /usr/lib/libX11.so.6.3.0
7f2c0d50a000-7f2c0d50f000 r-xp 00000000 08:06 408133                     /usr/lib/libXtst.so.6.1.0
7f2c0d50f000-7f2c0d70e000 ---p 00005000 08:06 408133                     /usr/lib/libXtst.so.6.1.0
7f2c0d70e000-7f2c0d70f000 r--p 00004000 08:06 408133                     /usr/lib/libXtst.so.6.1.0
7f2c0d70f000-7f2c0d710000 rw-p 00005000 08:06 408133                     /usr/lib/libXtst.so.6.1.0
7f2c0d710000-7f2c0d821000 r-xp 00000000 08:06 398868                     /usr/lib/libglib-2.0.so.0.5200.3
7f2c0d821000-7f2c0da20000 ---p 00111000 08:06 398868                     /usr/lib/libglib-2.0.so.0.5200.3
7f2c0da20000-7f2c0da21000 r--p 00110000 08:06 398868                     /usr/lib/libglib-2.0.so.0.5200.3
7f2c0da21000-7f2c0da22000 rw-p 00111000 08:06 398868                     /usr/lib/libglib-2.0.so.0.5200.3
7f2c0da22000-7f2c0da23000 rw-p 00000000 00:00 0 
7f2c0da23000-7f2c0da24000 r-xp 00000000 08:06 398882                     /usr/lib/libgthread-2.0.so.0.5200.3
7f2c0da24000-7f2c0dc23000 ---p 00001000 08:06 398882                     /usr/lib/libgthread-2.0.so.0.5200.3
7f2c0dc23000-7f2c0dc24000 r--p 00000000 08:06 398882                     /usr/lib/libgthread-2.0.so.0.5200.3
7f2c0dc24000-7f2c0dc25000 rw-p 00001000 08:06 398882                     /usr/lib/libgthread-2.0.so.0.5200.3
7f2c0dc25000-7f2c0dc28000 r-xp 00000000 08:06 398869                     /usr/lib/libgmodule-2.0.so.0.5200.3
7f2c0dc28000-7f2c0de27000 ---p 00003000 08:06 398869                     /usr/lib/libgmodule-2.0.so.0.5200.3
7f2c0de27000-7f2c0de28000 r--p 00002000 08:06 398869                     /usr/lib/libgmodule-2.0.so.0.5200.3
7f2c0de28000-7f2c0de29000 rw-p 00003000 08:06 398869                     /usr/lib/libgmodule-2.0.so.0.5200.3
7f2c0de29000-7f2c0de7a000 r-xp 00000000 08:06 398875                     /usr/lib/libgobject-2.0.so.0.5200.3
7f2c0de7a000-7f2c0e07a000 ---p 00051000 08:06 398875                     /usr/lib/libgobject-2.0.so.0.5200.3
7f2c0e07a000-7f2c0e07b000 r--p 00051000 08:06 398875                     /usr/lib/libgobject-2.0.so.0.5200.3
7f2c0e07b000-7f2c0e07c000 rw-p 00052000 08:06 398875                     /usr/lib/libgobject-2.0.so.0.5200.3
7f2c0e07c000-7f2c0e0ba000 r-xp 00000000 08:06 402717                     /usr/lib/libfontconfig.so.1.9.4
7f2c0e0ba000-7f2c0e2b9000 ---p 0003e000 08:06 402717                     /usr/lib/libfontconfig.so.1.9.4
7f2c0e2b9000-7f2c0e2bb000 r--p 0003d000 08:06 402717                     /usr/lib/libfontconfig.so.1.9.4
7f2c0e2bb000-7f2c0e2c0000 rw-p 0003f000 08:06 402717                     /usr/lib/libfontconfig.so.1.9.4
7f2c0e2c0000-7f2c0e37f000 r-xp 00000000 08:06 408352                     /usr/lib/libfreetype.so.6.14.0
7f2c0e37f000-7f2c0e57f000 ---p 000bf000 08:06 408352                     /usr/lib/libfreetype.so.6.14.0
7f2c0e57f000-7f2c0e586000 r--p 000bf000 08:06 408352                     /usr/lib/libfreetype.so.6.14.0
7f2c0e586000-7f2c0e587000 rw-p 000c6000 08:06 408352                     /usr/lib/libfreetype.so.6.14.0
7f2c0e587000-7f2c0e5d2000 r-xp 00000000 08:06 407341                     /usr/lib/libpango-1.0.so.0.4000.11
7f2c0e5d2000-7f2c0e7d2000 ---p 0004b000 08:06 407341                     /usr/lib/libpango-1.0.so.0.4000.11
7f2c0e7d2000-7f2c0e7d5000 r--p 0004b000 08:06 407341                     /usr/lib/libpango-1.0.so.0.4000.11
7f2c0e7d5000-7f2c0e7d6000 rw-p 0004e000 08:06 407341                     /usr/lib/libpango-1.0.so.0.4000.11
7f2c0e7d6000-7f2c0e8fe000 r-xp 00000000 08:06 408235                     /usr/lib/libcairo.so.2.11400.10
7f2c0e8fe000-7f2c0eafd000 ---p 00128000 08:06 408235                     /usr/lib/libcairo.so.2.11400.10
7f2c0eafd000-7f2c0eb00000 r--p 00127000 08:06 408235                     /usr/lib/libcairo.so.2.11400.10
7f2c0eb00000-7f2c0eb02000 rw-p 0012a000 08:06 408235                     /usr/lib/libcairo.so.2.11400.10
7f2c0eb02000-7f2c0eb03000 rw-p 00000000 00:00 0 
7f2c0eb03000-7f2c0eb0f000 r-xp 00000000 08:06 407346                     /usr/lib/libpangocairo-1.0.so.0.4000.11
7f2c0eb0f000-7f2c0ed0e000 ---p 0000c000 08:06 407346                     /usr/lib/libpangocairo-1.0.so.0.4000.11
7f2c0ed0e000-7f2c0ed0f000 r--p 0000b000 08:06 407346                     /usr/lib/libpangocairo-1.0.so.0.4000.11
7f2c0ed0f000-7f2c0ed10000 rw-p 0000c000 08:06 407346                     /usr/lib/libpangocairo-1.0.so.0.4000.11
7f2c0ed10000-7f2c0ed32000 r-xp 00000000 08:06 404334                     /usr/lib/libgdk_pixbuf-2.0.so.0.3600.9
7f2c0ed32000-7f2c0ef32000 ---p 00022000 08:06 404334                     /usr/lib/libgdk_pixbuf-2.0.so.0.3600.9
7f2c0ef32000-7f2c0ef33000 r--p 00022000 08:06 404334                     /usr/lib/libgdk_pixbuf-2.0.so.0.3600.9
7f2c0ef33000-7f2c0ef34000 rw-p 00023000 08:06 404334                     /usr/lib/libgdk_pixbuf-2.0.so.0.3600.9
7f2c0ef34000-7f2c0ef48000 r-xp 00000000 08:06 407342                     /usr/lib/libpangoft2-1.0.so.0.4000.11
7f2c0ef48000-7f2c0f148000 ---p 00014000 08:06 407342                     /usr/lib/libpangoft2-1.0.so.0.4000.11
7f2c0f148000-7f2c0f149000 r--p 00014000 08:06 407342                     /usr/lib/libpangoft2-1.0.so.0.4000.11
7f2c0f149000-7f2c0f14a000 rw-p 00015000 08:06 407342                     /usr/lib/libpangoft2-1.0.so.0.4000.11
7f2c0f14a000-7f2c0f2dc000 r-xp 00000000 08:06 398866                     /usr/lib/libgio-2.0.so.0.5200.3
7f2c0f2dc000-7f2c0f4dc000 ---p 00192000 08:06 398866                     /usr/lib/libgio-2.0.so.0.5200.3
7f2c0f4dc000-7f2c0f4e1000 r--p 00192000 08:06 398866                     /usr/lib/libgio-2.0.so.0.5200.3
7f2c0f4e1000-7f2c0f4e3000 rw-p 00197000 08:06 398866                     /usr/lib/libgio-2.0.so.0.5200.3
7f2c0f4e3000-7f2c0f4e5000 rw-p 00000000 00:00 0 
7f2c0f4e5000-7f2c0f508000 r-xp 00000000 08:06 408146                     /usr/lib/libatk-1.0.so.0.22409.1
7f2c0f508000-7f2c0f707000 ---p 00023000 08:06 408146                     /usr/lib/libatk-1.0.so.0.22409.1
7f2c0f707000-7f2c0f70a000 r--p 00022000 08:06 408146                     /usr/lib/libatk-1.0.so.0.22409.1
7f2c0f70a000-7f2c0f70b000 rw-p 00025000 08:06 408146                     /usr/lib/libatk-1.0.so.0.22409.1
7f2c0f70b000-7f2c0f7bb000 r-xp 00000000 08:06 408365                     /usr/lib/libgdk-x11-2.0.so.0.2400.31
7f2c0f7bb000-7f2c0f9ba000 ---p 000b0000 08:06 408365                     /usr/lib/libgdk-x11-2.0.so.0.2400.31
7f2c0f9ba000-7f2c0f9be000 r--p 000af000 08:06 408365                     /usr/lib/libgdk-x11-2.0.so.0.2400.31
7f2c0f9be000-7f2c0f9c0000 rw-p 000b3000 08:06 408365                     /usr/lib/libgdk-x11-2.0.so.0.2400.31
7f2c0f9c0000-7f2c0fdf3000 r-xp 00000000 08:06 408443                     /usr/lib/libgtk-x11-2.0.so.0.2400.31
7f2c0fdf3000-7f2c0fff2000 ---p 00433000 08:06 408443                     /usr/lib/libgtk-x11-2.0.so.0.2400.31
7f2c0fff2000-7f2c0fff9000 r--p 00432000 08:06 408443                     /usr/lib/libgtk-x11-2.0.so.0.2400.31
7f2c0fff9000-7f2c0fffd000 rw-p 00439000 08:06 408443                     /usr/lib/libgtk-x11-2.0.so.0.2400.31
7f2c0fffd000-7f2c10000000 rw-p 00000000 00:00 0 
7f2c10000000-7f2c10021000 rw-p 00000000 00:00 0 
7f2c10021000-7f2c14000000 ---p 00000000 00:00 0 
7f2c14000000-7f2c1441c000 rw-p 00000000 00:00 0 
7f2c1441c000-7f2c18000000 ---p 00000000 00:00 0 
7f2c18000000-7f2c1857d000 rw-p 00000000 00:00 0 
7f2c1857d000-7f2c1c000000 ---p 00000000 00:00 0 
7f2c1c000000-7f2c1c021000 rw-p 00000000 00:00 0 
7f2c1c021000-7f2c20000000 ---p 00000000 00:00 0 
7f2c20000000-7f2c205d7000 rw-p 00000000 00:00 0 
7f2c205d7000-7f2c24000000 ---p 00000000 00:00 0 
7f2c24000000-7f2c24532000 rw-p 00000000 00:00 0 
7f2c24532000-7f2c28000000 ---p 00000000 00:00 0 
7f2c28000000-7f2c28021000 rw-p 00000000 00:00 0 
7f2c28021000-7f2c2c000000 ---p 00000000 00:00 0 
7f2c2c000000-7f2c2c021000 rw-p 00000000 00:00 0 
7f2c2c021000-7f2c30000000 ---p 00000000 00:00 0 
7f2c30000000-7f2c30021000 rw-p 00000000 00:00 0 
7f2c30021000-7f2c34000000 ---p 00000000 00:00 0 
7f2c34000000-7f2c34021000 rw-p 00000000 00:00 0 
7f2c34021000-7f2c38000000 ---p 00000000 00:00 0 
7f2c38000000-7f2c38021000 rw-p 00000000 00:00 0 
7f2c38021000-7f2c3c000000 ---p 00000000 00:00 0 
7f2c3c000000-7f2c3c021000 rw-p 00000000 00:00 0 
7f2c3c021000-7f2c40000000 ---p 00000000 00:00 0 
7f2c40000000-7f2c40021000 rw-p 00000000 00:00 0 
7f2c40021000-7f2c44000000 ---p 00000000 00:00 0 
7f2c44000000-7f2c4400a000 r--p 00000000 08:06 944774                     /usr/share/locale/es/LC_MESSAGES/pulseaudio.mo
7f2c4400a000-7f2c44010000 r--p 00000000 08:06 942584                     /usr/share/locale/es/LC_MESSAGES/gdk-pixbuf.mo
7f2c44010000-7f2c44023000 r--p 00000000 08:06 665434                     /usr/lib/jvm/java-8-jdk/jre/lib/fonts/LucidaBrightDemiBold.ttf
7f2c44023000-7f2c44036000 r--p 00000000 08:06 665427                     /usr/lib/jvm/java-8-jdk/jre/lib/fonts/LucidaBrightDemiItalic.ttf
7f2c44036000-7f2c4403b000 r--s 00084000 08:06 656435                     /usr/lib/jvm/java-8-jdk/jre/lib/jfr.jar
7f2c4403b000-7f2c44068000 r--s 00000000 08:06 1060220                    /var/cache/fontconfig/f6b893a7224233d96cb72fd88691c0b4-le64.cache-7
7f2c44068000-7f2c4407e000 r--s 00000000 08:06 1062244                    /var/cache/fontconfig/f349e9996a5320f6dd491cedd2b1f964-le64.cache-7
7f2c4407e000-7f2c44088000 r--s 00116000 08:06 665420                     /usr/lib/jvm/java-8-jdk/jre/lib/ext/localedata.jar
7f2c44088000-7f2c440bd000 r--s 002cf000 08:06 3284264                    /home/balannor/NetBeansProjects/proyecto/dist/run1010012522/lib/jasperreports-javaflow-4.0.2.jar
7f2c440bd000-7f2c441fe000 rw-s 00000000 08:06 2490430                    /home/balannor/.cache/mesa/index
7f2c441fe000-7f2c4420a000 r-xp 00000000 08:06 658921                     /usr/lib/jvm/java-8-jdk/jre/lib/amd64/libprism_es2.so
7f2c4420a000-7f2c44409000 ---p 0000c000 08:06 658921                     /usr/lib/jvm/java-8-jdk/jre/lib/amd64/libprism_es2.so
7f2c44409000-7f2c4440a000 rw-p 0000b000 08:06 658921                     /usr/lib/jvm/java-8-jdk/jre/lib/amd64/libprism_es2.so
7f2c4440a000-7f2c4440d000 ---p 00000000 00:00 0 
7f2c4440d000-7f2c4450b000 rw-p 00000000 00:00 0 
7f2c4450b000-7f2c445a0000 r--s 01110000 08:06 665424                     /usr/lib/jvm/java-8-jdk/jre/lib/ext/jfxrt.jar
7f2c445a0000-7f2c48000000 rw-p 00000000 00:00 0 
7f2c48000000-7f2c48021000 rw-p 00000000 00:00 0 
7f2c48021000-7f2c4c000000 ---p 00000000 00:00 0 
7f2c4c000000-7f2c4c002000 rw-s 125e84000 00:06 342                       /dev/dri/renderD128
7f2c4c002000-7f2c4c004000 rw-s 125e82000 00:06 342                       /dev/dri/renderD128
7f2c4c004000-7f2c4c006000 r--s 00000000 08:06 1062245                    /var/cache/fontconfig/6ba42ae0000f58711b5caaf10d690066-le64.cache-7
7f2c4c006000-7f2c4c00d000 r--s 000c7000 08:06 3284266                    /home/balannor/NetBeansProjects/proyecto/dist/run1010012522/lib/mysql-connector-java-5.1.23-bin.jar
7f2c4c00d000-7f2c4c022000 r--s 0022f000 08:06 3284265                    /home/balannor/NetBeansProjects/proyecto/dist/run1010012522/lib/jfoenix.jar
7f2c4c022000-7f2c4c058000 r--s 002c4000 08:06 3284261                    /home/balannor/NetBeansProjects/proyecto/dist/run1010012522/lib/jasperreports-4.0.2.jar
7f2c4c058000-7f2c4c059000 ---p 00000000 00:00 0 
7f2c4c059000-7f2c4c159000 rw-p 00000000 00:00 0 
7f2c4c159000-7f2c4c15c000 ---p 00000000 00:00 0 
7f2c4c15c000-7f2c4c25a000 rw-p 00000000 00:00 0 
7f2c4c25a000-7f2c4c25d000 ---p 00000000 00:00 0 
7f2c4c25d000-7f2c4c35b000 rw-p 00000000 00:00 0 
7f2c4c35b000-7f2c4c35e000 ---p 00000000 00:00 0 
7f2c4c35e000-7f2c4c45c000 rw-p 00000000 00:00 0 
7f2c4c45c000-7f2c4c45f000 ---p 00000000 00:00 0 
7f2c4c45f000-7f2c4c55d000 rw-p 00000000 00:00 0 
7f2c4c55d000-7f2c4c560000 ---p 00000000 00:00 0 
7f2c4c560000-7f2c4c65e000 rw-p 00000000 00:00 0 
7f2c4c65e000-7f2c4c7f8000 r--p 00000000 08:06 402305                     /usr/lib/locale/locale-archive
7f2c4c7f8000-7f2c4c7fb000 ---p 00000000 00:00 0 
7f2c4c7fb000-7f2c4c8f9000 rw-p 00000000 00:00 0 
7f2c4c8f9000-7f2c4c8fc000 ---p 00000000 00:00 0 
7f2c4c8fc000-7f2c4c9fa000 rw-p 00000000 00:00 0 
7f2c4c9fa000-7f2c4c9fb000 ---p 00000000 00:00 0 
7f2c4c9fb000-7f2c4d000000 rw-p 00000000 00:00 0 
7f2c4d000000-7f2c4db30000 rwxp 00000000 00:00 0 
7f2c4db30000-7f2c5c000000 ---p 00000000 00:00 0 
7f2c5c000000-7f2c5c52d000 rw-p 00000000 00:00 0 
7f2c5c52d000-7f2c60000000 ---p 00000000 00:00 0 
7f2c60001000-7f2c60006000 r--s 0009a000 08:06 656448                     /usr/lib/jvm/java-8-jdk/jre/lib/jsse.jar
7f2c60006000-7f2c60008000 r--s 0025c000 08:06 3284263                    /home/balannor/NetBeansProjects/proyecto/dist/run1010012522/lib/jasperreports-fonts-4.0.2.jar
7f2c60008000-7f2c60012000 r--s 00067000 08:06 3284262                    /home/balannor/NetBeansProjects/proyecto/dist/run1010012522/lib/jasperreports-applet-4.0.2.jar
7f2c60012000-7f2c6001e000 r--s 00108000 08:06 3284260                    /home/balannor/NetBeansProjects/proyecto/dist/run1010012522/lib/iText-2.1.7.jar
7f2c6001e000-7f2c60024000 r--s 00046000 08:06 3284259                    /home/balannor/NetBeansProjects/proyecto/dist/run1010012522/lib/commons-net-3.6.jar
7f2c60024000-7f2c60026000 r--s 00005000 08:06 3284258                    /home/balannor/NetBeansProjects/proyecto/dist/run1010012522/lib/commons-logging-api.jar
7f2c60026000-7f2c60028000 r--s 00008000 08:06 3284257                    /home/balannor/NetBeansProjects/proyecto/dist/run1010012522/lib/commons-logging-1.0.4.jar
7f2c60028000-7f2c6002b000 r--s 00015000 08:06 3284256                    /home/balannor/NetBeansProjects/proyecto/dist/run1010012522/lib/commons-javaflow-20060411.jar
7f2c6002b000-7f2c6002f000 r--s 0001f000 08:06 3284255                    /home/balannor/NetBeansProjects/proyecto/dist/run1010012522/lib/commons-digester-1.7.jar
7f2c6002f000-7f2c60035000 r--s 00025000 08:06 3284254                    /home/balannor/NetBeansProjects/proyecto/dist/run1010012522/lib/commons-collections-2.1.1.jar
7f2c60035000-7f2c6003a000 r--s 00034000 08:06 3284253                    /home/balannor/NetBeansProjects/proyecto/dist/run1010012522/lib/commons-beanutils-1.8.0.jar
7f2c6003a000-7f2c60064000 r--p 00000000 08:06 944728                     /usr/share/locale/es/LC_MESSAGES/gtk20-properties.mo
7f2c60064000-7f2c6008a000 r--p 00000000 08:06 918133                     /usr/share/locale/es/LC_MESSAGES/libc.mo
7f2c6008a000-7f2c60a94000 rw-p 00000000 00:00 0 
7f2c60a94000-7f2c60c6e000 r--s 03d4d000 08:06 656444                     /usr/lib/jvm/java-8-jdk/jre/lib/rt.jar
7f2c60c6e000-7f2c6188a000 rw-p 00000000 00:00 0 
7f2c6188a000-7f2c6188b000 ---p 00000000 00:00 0 
7f2c6188b000-7f2c6198b000 rw-p 00000000 00:00 0 
7f2c6198b000-7f2c6198c000 ---p 00000000 00:00 0 
7f2c6198c000-7f2c61a8c000 rw-p 00000000 00:00 0 
7f2c61a8c000-7f2c61a8d000 ---p 00000000 00:00 0 
7f2c61a8d000-7f2c61b8d000 rw-p 00000000 00:00 0 
7f2c61b8d000-7f2c61b8e000 ---p 00000000 00:00 0 
7f2c61b8e000-7f2c61cad000 rw-p 00000000 00:00 0 
7f2c61cad000-7f2c61efd000 ---p 00000000 00:00 0 
7f2c61efd000-7f2c61f1c000 rw-p 00000000 00:00 0 
7f2c61f1c000-7f2c6216b000 ---p 00000000 00:00 0 
7f2c6216b000-7f2c6218f000 rw-p 00000000 00:00 0 
7f2c6218f000-7f2c622a3000 ---p 00000000 00:00 0 
7f2c622a3000-7f2c622d1000 rw-p 00000000 00:00 0 
7f2c622d1000-7f2c62664000 ---p 00000000 00:00 0 
7f2c62664000-7f2c6267e000 r-xp 00000000 08:06 658890                     /usr/lib/jvm/java-8-jdk/jre/lib/amd64/libzip.so
7f2c6267e000-7f2c6287e000 ---p 0001a000 08:06 658890                     /usr/lib/jvm/java-8-jdk/jre/lib/amd64/libzip.so
7f2c6287e000-7f2c6287f000 rw-p 0001a000 08:06 658890                     /usr/lib/jvm/java-8-jdk/jre/lib/amd64/libzip.so
7f2c6287f000-7f2c6288a000 r-xp 00000000 08:06 401105                     /usr/lib/libnss_files-2.25.so
7f2c6288a000-7f2c62a89000 ---p 0000b000 08:06 401105                     /usr/lib/libnss_files-2.25.so
7f2c62a89000-7f2c62a8a000 r--p 0000a000 08:06 401105                     /usr/lib/libnss_files-2.25.so
7f2c62a8a000-7f2c62a8b000 rw-p 0000b000 08:06 401105                     /usr/lib/libnss_files-2.25.so
7f2c62a8b000-7f2c62a91000 rw-p 00000000 00:00 0 
7f2c62a91000-7f2c62a9c000 r-xp 00000000 08:06 398699                     /usr/lib/libnss_nis-2.25.so
7f2c62a9c000-7f2c62c9b000 ---p 0000b000 08:06 398699                     /usr/lib/libnss_nis-2.25.so
7f2c62c9b000-7f2c62c9c000 r--p 0000a000 08:06 398699                     /usr/lib/libnss_nis-2.25.so
7f2c62c9c000-7f2c62c9d000 rw-p 0000b000 08:06 398699                     /usr/lib/libnss_nis-2.25.so
7f2c62c9d000-7f2c62cb2000 r-xp 00000000 08:06 398698                     /usr/lib/libnsl-2.25.so
7f2c62cb2000-7f2c62eb1000 ---p 00015000 08:06 398698                     /usr/lib/libnsl-2.25.so
7f2c62eb1000-7f2c62eb2000 r--p 00014000 08:06 398698                     /usr/lib/libnsl-2.25.so
7f2c62eb2000-7f2c62eb3000 rw-p 00015000 08:06 398698                     /usr/lib/libnsl-2.25.so
7f2c62eb3000-7f2c62eb5000 rw-p 00000000 00:00 0 
7f2c62eb5000-7f2c62ebc000 r-xp 00000000 08:06 398753                     /usr/lib/libnss_compat-2.25.so
7f2c62ebc000-7f2c630bb000 ---p 00007000 08:06 398753                     /usr/lib/libnss_compat-2.25.so
7f2c630bb000-7f2c630bc000 r--p 00006000 08:06 398753                     /usr/lib/libnss_compat-2.25.so
7f2c630bc000-7f2c630bd000 rw-p 00007000 08:06 398753                     /usr/lib/libnss_compat-2.25.so
7f2c630bd000-7f2c630e8000 r-xp 00000000 08:06 656507                     /usr/lib/jvm/java-8-jdk/jre/lib/amd64/libjava.so
7f2c630e8000-7f2c632e7000 ---p 0002b000 08:06 656507                     /usr/lib/jvm/java-8-jdk/jre/lib/amd64/libjava.so
7f2c632e7000-7f2c632e9000 rw-p 0002a000 08:06 656507                     /usr/lib/jvm/java-8-jdk/jre/lib/amd64/libjava.so
7f2c632e9000-7f2c632f6000 r-xp 00000000 08:06 665400                     /usr/lib/jvm/java-8-jdk/jre/lib/amd64/libverify.so
7f2c632f6000-7f2c634f6000 ---p 0000d000 08:06 665400                     /usr/lib/jvm/java-8-jdk/jre/lib/amd64/libverify.so
7f2c634f6000-7f2c634f8000 rw-p 0000d000 08:06 665400                     /usr/lib/jvm/java-8-jdk/jre/lib/amd64/libverify.so
7f2c634f8000-7f2c634ff000 r-xp 00000000 08:06 398283                     /usr/lib/librt-2.25.so
7f2c634ff000-7f2c636fe000 ---p 00007000 08:06 398283                     /usr/lib/librt-2.25.so
7f2c636fe000-7f2c636ff000 r--p 00006000 08:06 398283                     /usr/lib/librt-2.25.so
7f2c636ff000-7f2c63700000 rw-p 00007000 08:06 398283                     /usr/lib/librt-2.25.so
7f2c63700000-7f2c63811000 r-xp 00000000 08:06 401109                     /usr/lib/libm-2.25.so
7f2c63811000-7f2c63a10000 ---p 00111000 08:06 401109                     /usr/lib/libm-2.25.so
7f2c63a10000-7f2c63a11000 r--p 00110000 08:06 401109                     /usr/lib/libm-2.25.so
7f2c63a11000-7f2c63a12000 rw-p 00111000 08:06 401109                     /usr/lib/libm-2.25.so
7f2c63a12000-7f2c646e5000 r-xp 00000000 08:06 665410                     /usr/lib/jvm/java-8-jdk/jre/lib/amd64/server/libjvm.so
7f2c646e5000-7f2c648e4000 ---p 00cd3000 08:06 665410                     /usr/lib/jvm/java-8-jdk/jre/lib/amd64/server/libjvm.so
7f2c648e4000-7f2c649be000 rw-p 00cd2000 08:06 665410                     /usr/lib/jvm/java-8-jdk/jre/lib/amd64/server/libjvm.so
7f2c649be000-7f2c64a09000 rw-p 00000000 00:00 0 
7f2c64a09000-7f2c64ba6000 r-xp 00000000 08:06 398794                     /usr/lib/libc-2.25.so
7f2c64ba6000-7f2c64da5000 ---p 0019d000 08:06 398794                     /usr/lib/libc-2.25.so
7f2c64da5000-7f2c64da9000 r--p 0019c000 08:06 398794                     /usr/lib/libc-2.25.so
7f2c64da9000-7f2c64dab000 rw-p 001a0000 08:06 398794                     /usr/lib/libc-2.25.so
7f2c64dab000-7f2c64daf000 rw-p 00000000 00:00 0 
7f2c64daf000-7f2c64db2000 r-xp 00000000 08:06 401102                     /usr/lib/libdl-2.25.so
7f2c64db2000-7f2c64fb1000 ---p 00003000 08:06 401102                     /usr/lib/libdl-2.25.so
7f2c64fb1000-7f2c64fb2000 r--p 00002000 08:06 401102                     /usr/lib/libdl-2.25.so
7f2c64fb2000-7f2c64fb3000 rw-p 00003000 08:06 401102                     /usr/lib/libdl-2.25.so
7f2c64fb3000-7f2c64fc8000 r-xp 00000000 08:06 665408                     /usr/lib/jvm/java-8-jdk/jre/lib/amd64/jli/libjli.so
7f2c64fc8000-7f2c651c8000 ---p 00015000 08:06 665408                     /usr/lib/jvm/java-8-jdk/jre/lib/amd64/jli/libjli.so
7f2c651c8000-7f2c651c9000 rw-p 00015000 08:06 665408                     /usr/lib/jvm/java-8-jdk/jre/lib/amd64/jli/libjli.so
7f2c651c9000-7f2c651e2000 r-xp 00000000 08:06 398285                     /usr/lib/libpthread-2.25.so
7f2c651e2000-7f2c653e1000 ---p 00019000 08:06 398285                     /usr/lib/libpthread-2.25.so
7f2c653e1000-7f2c653e2000 r--p 00018000 08:06 398285                     /usr/lib/libpthread-2.25.so
7f2c653e2000-7f2c653e3000 rw-p 00019000 08:06 398285                     /usr/lib/libpthread-2.25.so
7f2c653e3000-7f2c653e7000 rw-p 00000000 00:00 0 
7f2c653e7000-7f2c6540a000 r-xp 00000000 08:06 398696                     /usr/lib/ld-2.25.so
7f2c6540a000-7f2c6540c000 r--s 00009000 08:06 3284252                    /home/balannor/NetBeansProjects/proyecto/dist/run1010012522/lib/TrayNotification.jar
7f2c6540c000-7f2c65418000 rw-s 125f72000 00:06 342                       /dev/dri/renderD128
7f2c65418000-7f2c65419000 rw-s 00000000 00:05 71711                      /memfd:xshmfence (deleted)
7f2c65419000-7f2c65428000 r--p 00000000 08:06 944729                     /usr/share/locale/es/LC_MESSAGES/gtk20.mo
7f2c65428000-7f2c65429000 rwxp 00000000 00:00 0 
7f2c65429000-7f2c6542c000 r--s 00d7f000 08:06 3284183                    /home/balannor/NetBeansProjects/proyecto/dist/run1010012522/Final_MasterSeal.jar
7f2c6542c000-7f2c654d6000 rw-p 00000000 00:00 0 
7f2c654d6000-7f2c654d9000 ---p 00000000 00:00 0 
7f2c654d9000-7f2c655fe000 rw-p 00000000 00:00 0 
7f2c655fe000-7f2c65606000 rw-s 00000000 00:26 41                         /tmp/hsperfdata_balannor/3150
7f2c65606000-7f2c65607000 rw-p 00000000 00:00 0 
7f2c65607000-7f2c65608000 r--p 00000000 00:00 0 
7f2c65608000-7f2c6560a000 rw-p 00000000 00:00 0 
7f2c6560a000-7f2c6560b000 r--p 00023000 08:06 398696                     /usr/lib/ld-2.25.so
7f2c6560b000-7f2c6560c000 rw-p 00024000 08:06 398696                     /usr/lib/ld-2.25.so
7f2c6560c000-7f2c6560d000 rw-p 00000000 00:00 0 
7ffded968000-7ffded989000 rw-p 00000000 00:00 0                          [stack]
7ffded9a8000-7ffded9aa000 r--p 00000000 00:00 0                          [vvar]
7ffded9aa000-7ffded9ac000 r-xp 00000000 00:00 0                          [vdso]
ffffffffff600000-ffffffffff601000 r-xp 00000000 00:00 0                  [vsyscall]

VM Arguments:
jvm_args: -Dfile.encoding=UTF-8 
java_command: /home/balannor/NetBeansProjects/proyecto/dist/run1010012522/Final_MasterSeal.jar
java_class_path (initial): /home/balannor/NetBeansProjects/proyecto/dist/run1010012522/Final_MasterSeal.jar
Launcher Type: SUN_STANDARD

Environment Variables:
PATH=/usr/local/sbin:/usr/local/bin:/usr/bin:/usr/lib/jvm/default/bin:/usr/bin/site_perl:/usr/bin/vendor_perl:/usr/bin/core_perl
LD_LIBRARY_PATH=/usr/lib/jvm/default/bin/../jre/lib/amd64:/usr/lib/jvm/default/bin/../jre/lib/i386:
SHELL=/bin/bash
DISPLAY=:0

Signal Handlers:
SIGSEGV: [libjvm.so+0xacba10], sa_mask[0]=11111111011111111101111111111110, sa_flags=SA_RESTART|SA_SIGINFO
SIGBUS: [libjvm.so+0xacba10], sa_mask[0]=11111111011111111101111111111110, sa_flags=SA_RESTART|SA_SIGINFO
SIGFPE: [libjvm.so+0x924ba0], sa_mask[0]=11111111011111111101111111111110, sa_flags=SA_RESTART|SA_SIGINFO
SIGPIPE: SIG_IGN, sa_mask[0]=00000000000010000000000000000000, sa_flags=SA_RESTART
SIGXFSZ: [libjvm.so+0x924ba0], sa_mask[0]=11111111011111111101111111111110, sa_flags=SA_RESTART|SA_SIGINFO
SIGILL: [libjvm.so+0x924ba0], sa_mask[0]=11111111011111111101111111111110, sa_flags=SA_RESTART|SA_SIGINFO
SIGUSR1: SIG_DFL, sa_mask[0]=00000000000000000000000000000000, sa_flags=none
SIGUSR2: [libjvm.so+0x9263e0], sa_mask[0]=00100000000000000000000000000000, sa_flags=SA_RESTART|SA_SIGINFO
SIGHUP: [libjvm.so+0x9277e0], sa_mask[0]=11111111011111111101111111111110, sa_flags=SA_RESTART|SA_SIGINFO
SIGINT: SIG_IGN, sa_mask[0]=00000000000000000000000000000000, sa_flags=none
SIGTERM: [libjvm.so+0x9277e0], sa_mask[0]=11111111011111111101111111111110, sa_flags=SA_RESTART|SA_SIGINFO
SIGQUIT: [libjvm.so+0x9277e0], sa_mask[0]=11111111011111111101111111111110, sa_flags=SA_RESTART|SA_SIGINFO


---------------  S Y S T E M  ---------------

OS:DISTRIB_ID=ManjaroLinux
DISTRIB_RELEASE=17.0.2
DISTRIB_CODENAME=Gellivara
DISTRIB_DESCRIPTION="Manjaro Linux"

uname:Linux 4.9.44-1-MANJARO #1 SMP PREEMPT Thu Aug 17 08:23:52 UTC 2017 x86_64
libc:glibc 2.25 NPTL 2.25 
rlimit: STACK 8192k, CORE infinity, NPROC 29814, NOFILE 4096, AS infinity
load average:1,86 1,93 1,67

/proc/meminfo:
MemTotal:        7643648 kB
MemFree:         4702256 kB
MemAvailable:    5567776 kB
Buffers:           70272 kB
Cached:          1039724 kB
SwapCached:            0 kB
Active:          1974076 kB
Inactive:         743856 kB
Active(anon):    1615660 kB
Inactive(anon):    43164 kB
Active(file):     358416 kB
Inactive(file):   700692 kB
Unevictable:          92 kB
Mlocked:              92 kB
SwapTotal:       2999292 kB
SwapFree:        2999292 kB
Dirty:             28596 kB
Writeback:             0 kB
AnonPages:       1580388 kB
Mapped:           312276 kB
Shmem:             50640 kB
Slab:              89296 kB
SReclaimable:      59804 kB
SUnreclaim:        29492 kB
KernelStack:        7840 kB
PageTables:        29828 kB
NFS_Unstable:          0 kB
Bounce:                0 kB
WritebackTmp:          0 kB
CommitLimit:     6821116 kB
Committed_AS:    4279348 kB
VmallocTotal:   34359738367 kB
VmallocUsed:           0 kB
VmallocChunk:          0 kB
HardwareCorrupted:     0 kB
AnonHugePages:   1081344 kB
ShmemHugePages:        0 kB
ShmemPmdMapped:        0 kB
HugePages_Total:       0
HugePages_Free:        0
HugePages_Rsvd:        0
HugePages_Surp:        0
Hugepagesize:       2048 kB
DirectMap4k:      133312 kB
DirectMap2M:     5613568 kB
DirectMap1G:     3145728 kB


CPU:total 4 (initial active 4) (4 cores per cpu, 1 threads per core) family 18 model 1 stepping 0, cmov, cx8, fxsr, mmx, sse, sse2, sse3, popcnt, mmxext, 3dnowpref, lzcnt, sse4a, tsc, tscinvbit, tscinv

/proc/cpuinfo:
processor	: 0
vendor_id	: AuthenticAMD
cpu family	: 18
model		: 1
model name	: AMD A8-3510MX APU with Radeon(tm) HD Graphics
stepping	: 0
microcode	: 0x3000027
cpu MHz		: 1800.000
cache size	: 1024 KB
physical id	: 0
siblings	: 4
core id		: 0
cpu cores	: 4
apicid		: 0
initial apicid	: 0
fpu		: yes
fpu_exception	: yes
cpuid level	: 6
wp		: yes
flags		: fpu vme de pse tsc msr pae mce cx8 apic sep mtrr pge mca cmov pat pse36 clflush mmx fxsr sse sse2 ht syscall nx mmxext fxsr_opt pdpe1gb rdtscp lm 3dnowext 3dnow constant_tsc rep_good nopl nonstop_tsc extd_apicid aperfmperf eagerfpu pni monitor cx16 popcnt lahf_lm cmp_legacy svm extapic cr8_legacy abm sse4a misalignsse 3dnowprefetch osvw ibs skinit wdt cpb hw_pstate vmmcall arat npt lbrv svm_lock nrip_save pausefilter
bugs		: fxsave_leak sysret_ss_attrs null_seg
bogomips	: 3594.17
TLB size	: 1536 4K pages
clflush size	: 64
cache_alignment	: 64
address sizes	: 40 bits physical, 48 bits virtual
power management: ts ttp tm stc 100mhzsteps hwpstate cpb

processor	: 1
vendor_id	: AuthenticAMD
cpu family	: 18
model		: 1
model name	: AMD A8-3510MX APU with Radeon(tm) HD Graphics
stepping	: 0
microcode	: 0x3000027
cpu MHz		: 1800.000
cache size	: 1024 KB
physical id	: 0
siblings	: 4
core id		: 1
cpu cores	: 4
apicid		: 1
initial apicid	: 1
fpu		: yes
fpu_exception	: yes
cpuid level	: 6
wp		: yes
flags		: fpu vme de pse tsc msr pae mce cx8 apic sep mtrr pge mca cmov pat pse36 clflush mmx fxsr sse sse2 ht syscall nx mmxext fxsr_opt pdpe1gb rdtscp lm 3dnowext 3dnow constant_tsc rep_good nopl nonstop_tsc extd_apicid aperfmperf eagerfpu pni monitor cx16 popcnt lahf_lm cmp_legacy svm extapic cr8_legacy abm sse4a misalignsse 3dnowprefetch osvw ibs skinit wdt cpb hw_pstate vmmcall arat npt lbrv svm_lock nrip_save pausefilter
bugs		: fxsave_leak sysret_ss_attrs null_seg
bogomips	: 3594.15
TLB size	: 1536 4K pages
clflush size	: 64
cache_alignment	: 64
address sizes	: 40 bits physical, 48 bits virtual
power management: ts ttp tm stc 100mhzsteps hwpstate cpb

processor	: 2
vendor_id	: AuthenticAMD
cpu family	: 18
model		: 1
model name	: AMD A8-3510MX APU with Radeon(tm) HD Graphics
stepping	: 0
microcode	: 0x3000027
cpu MHz		: 1800.000
cache size	: 1024 KB
physical id	: 0
siblings	: 4
core id		: 2
cpu cores	: 4
apicid		: 2
initial apicid	: 2
fpu		: yes
fpu_exception	: yes
cpuid level	: 6
wp		: yes
flags		: fpu vme de pse tsc msr pae mce cx8 apic sep mtrr pge mca cmov pat pse36 clflush mmx fxsr sse sse2 ht syscall nx mmxext fxsr_opt pdpe1gb rdtscp lm 3dnowext 3dnow constant_tsc rep_good nopl nonstop_tsc extd_apicid aperfmperf eagerfpu pni monitor cx16 popcnt lahf_lm cmp_legacy svm extapic cr8_legacy abm sse4a misalignsse 3dnowprefetch osvw ibs skinit wdt cpb hw_pstate vmmcall arat npt lbrv svm_lock nrip_save pausefilter
bugs		: fxsave_leak sysret_ss_attrs null_seg
bogomips	: 3594.14
TLB size	: 1536 4K pages
clflush size	: 64
cache_alignment	: 64
address sizes	: 40 bits physical, 48 bits virtual
power management: ts ttp tm stc 100mhzsteps hwpstate cpb

processor	: 3
vendor_id	: AuthenticAMD
cpu family	: 18
model		: 1
model name	: AMD A8-3510MX APU with Radeon(tm) HD Graphics
stepping	: 0
microcode	: 0x3000027
cpu MHz		: 1800.000
cache size	: 1024 KB
physical id	: 0
siblings	: 4
core id		: 3
cpu cores	: 4
apicid		: 3
initial apicid	: 3
fpu		: yes
fpu_exception	: yes
cpuid level	: 6
wp		: yes
flags		: fpu vme de pse tsc msr pae mce cx8 apic sep mtrr pge mca cmov pat pse36 clflush mmx fxsr sse sse2 ht syscall nx mmxext fxsr_opt pdpe1gb rdtscp lm 3dnowext 3dnow constant_tsc rep_good nopl nonstop_tsc extd_apicid aperfmperf eagerfpu pni monitor cx16 popcnt lahf_lm cmp_legacy svm extapic cr8_legacy abm sse4a misalignsse 3dnowprefetch osvw ibs skinit wdt cpb hw_pstate vmmcall arat npt lbrv svm_lock nrip_save pausefilter
bugs		: fxsave_leak sysret_ss_attrs null_seg
bogomips	: 3594.22
TLB size	: 1536 4K pages
clflush size	: 64
cache_alignment	: 64
address sizes	: 40 bits physical, 48 bits virtual
power management: ts ttp tm stc 100mhzsteps hwpstate cpb



Memory: 4k page, physical 7643648k(4702256k free), swap 2999292k(2999292k free)

vm_info: Java HotSpot(TM) 64-Bit Server VM (25.144-b01) for linux-amd64 JRE (1.8.0_144-b01), built on Jul 21 2017 21:57:33 by "java_re" with gcc 4.3.0 20080428 (Red Hat 4.3.0-8)

time: Wed Aug 30 19:57:44 2017
elapsed time: 20 seconds (0d 0h 0m 20s)

